2026-04-12T00:10:18+05:30 isis snowflake-proxy[2259]: 2026/04/11 18:40:18 In the last 1h0m0s, there were 27 connections. Traffic Relayed ↑ 3393 KB, ↓ 230 KB.
2026-04-12T01:10:18+05:30 isis snowflake-proxy[2259]: 2026/04/11 19:40:18 In the last 1h0m0s, there were 22 connections. Traffic Relayed ↑ 3615 KB, ↓ 694 KB.
2026-04-12T02:10:18+05:30 isis snowflake-proxy[2259]: 2026/04/11 20:40:18 In the last 1h0m0s, there were 10 connections. Traffic Relayed ↑ 2433 KB, ↓ 56 KB.
2026-04-12T03:10:18+05:30 isis snowflake-proxy[2259]: 2026/04/11 21:40:18 In the last 1h0m0s, there were 12 connections. Traffic Relayed ↑ 330390 KB, ↓ 4221 KB.
2026-04-12T04:10:18+05:30 isis snowflake-proxy[2259]: 2026/04/11 22:40:18 In the last 1h0m0s, there were 22 connections. Traffic Relayed ↑ 18972 KB, ↓ 1164 KB.
2026-04-12T05:10:18+05:30 isis snowflake-proxy[2259]: 2026/04/11 23:40:18 In the last 1h0m0s, there were 29 connections. Traffic Relayed ↑ 3873 KB, ↓ 289 KB.
2026-04-12T06:10:18+05:30 isis snowflake-proxy[2259]: 2026/04/12 00:40:18 In the last 1h0m0s, there were 20 connections. Traffic Relayed ↑ 6122 KB, ↓ 445 KB.
2026-04-12T07:10:18+05:30 isis snowflake-proxy[2259]: 2026/04/12 01:40:18 In the last 1h0m0s, there were 18 connections. Traffic Relayed ↑ 163121 KB, ↓ 99 KB.
2026-04-12T08:10:18+05:30 isis snowflake-proxy[2259]: 2026/04/12 02:40:18 In the last 1h0m0s, there were 23 connections. Traffic Relayed ↑ 4250 KB, ↓ 300 KB.
2026-04-12T09:10:18+05:30 isis snowflake-proxy[2259]: 2026/04/12 03:40:18 In the last 1h0m0s, there were 18 connections. Traffic Relayed ↑ 69772 KB, ↓ 11654 KB.
2026-04-12T10:10:18+05:30 isis snowflake-proxy[2259]: 2026/04/12 04:40:18 In the last 1h0m0s, there were 19 connections. Traffic Relayed ↑ 1453462 KB, ↓ 74814 KB.
2026-04-12T11:10:18+05:30 isis snowflake-proxy[2259]: 2026/04/12 05:40:18 In the last 1h0m0s, there were 39 connections. Traffic Relayed ↑ 23367 KB, ↓ 242 KB.
2026-04-12T12:10:18+05:30 isis snowflake-proxy[2259]: 2026/04/12 06:40:18 In the last 1h0m0s, there were 33 connections. Traffic Relayed ↑ 25397 KB, ↓ 2618 KB.
2026-04-12T13:10:18+05:30 isis snowflake-proxy[2259]: 2026/04/12 07:40:18 In the last 1h0m0s, there were 31 connections. Traffic Relayed ↑ 45593 KB, ↓ 2320 KB.
2026-04-12T14:10:18+05:30 isis snowflake-proxy[2259]: 2026/04/12 08:40:18 In the last 1h0m0s, there were 40 connections. Traffic Relayed ↑ 59394 KB, ↓ 2462 KB.
2026-04-12T15:10:18+05:30 isis snowflake-proxy[2259]: 2026/04/12 09:40:18 In the last 1h0m0s, there were 30 connections. Traffic Relayed ↑ 89571 KB, ↓ 346 KB.
2026-04-12T16:10:18+05:30 isis snowflake-proxy[2259]: 2026/04/12 10:40:18 In the last 1h0m0s, there were 36 connections. Traffic Relayed ↑ 40827 KB, ↓ 4622 KB.
2026-04-12T17:10:18+05:30 isis snowflake-proxy[2259]: 2026/04/12 11:40:18 In the last 1h0m0s, there were 31 connections. Traffic Relayed ↑ 7102 KB, ↓ 265 KB.
2026-04-12T18:10:18+05:30 isis snowflake-proxy[2259]: 2026/04/12 12:40:18 In the last 1h0m0s, there were 32 connections. Traffic Relayed ↑ 66315 KB, ↓ 1543 KB.
2026-04-12T19:10:18+05:30 isis snowflake-proxy[2259]: 2026/04/12 13:40:18 In the last 1h0m0s, there were 21 connections. Traffic Relayed ↑ 81473 KB, ↓ 7823 KB.
2026-04-12T20:10:18+05:30 isis snowflake-proxy[2259]: 2026/04/12 14:40:18 In the last 1h0m0s, there were 25 connections. Traffic Relayed ↑ 20169 KB, ↓ 584 KB.
2026-04-12T21:10:18+05:30 isis snowflake-proxy[2259]: 2026/04/12 15:40:18 In the last 1h0m0s, there were 20 connections. Traffic Relayed ↑ 7402 KB, ↓ 103 KB.
2026-04-12T22:10:18+05:30 isis snowflake-proxy[2259]: 2026/04/12 16:40:18 In the last 1h0m0s, there were 24 connections. Traffic Relayed ↑ 20027 KB, ↓ 798 KB.
2026-04-12T23:10:18+05:30 isis snowflake-proxy[2259]: 2026/04/12 17:40:18 In the last 1h0m0s, there were 36 connections. Traffic Relayed ↑ 9678 KB, ↓ 1449 KB.
2026-04-13T00:10:18+05:30 isis snowflake-proxy[2259]: 2026/04/12 18:40:18 In the last 1h0m0s, there were 23 connections. Traffic Relayed ↑ 13625 KB, ↓ 1707 KB.
2026-04-13T01:10:18+05:30 isis snowflake-proxy[2259]: 2026/04/12 19:40:18 In the last 1h0m0s, there were 38 connections. Traffic Relayed ↑ 139574 KB, ↓ 3497 KB.
2026-04-13T02:10:18+05:30 isis snowflake-proxy[2259]: 2026/04/12 20:40:18 In the last 1h0m0s, there were 32 connections. Traffic Relayed ↑ 64333 KB, ↓ 3270 KB.
2026-04-13T03:10:18+05:30 isis snowflake-proxy[2259]: 2026/04/12 21:40:18 In the last 1h0m0s, there were 0 connections. Traffic Relayed ↑ 0 KB, ↓ 0 KB.
2026-04-13T04:10:18+05:30 isis snowflake-proxy[2259]: 2026/04/12 22:40:18 In the last 1h0m0s, there were 0 connections. Traffic Relayed ↑ 0 KB, ↓ 0 KB.
2026-04-13T05:10:18+05:30 isis snowflake-proxy[2259]: 2026/04/12 23:40:18 In the last 1h0m0s, there were 0 connections. Traffic Relayed ↑ 0 KB, ↓ 0 KB.
2026-04-13T06:10:19+05:30 isis snowflake-proxy[2259]: 2026/04/13 00:40:19 In the last 1h0m0s, there were 0 connections. Traffic Relayed ↑ 0 KB, ↓ 0 KB.
2026-04-13T07:10:19+05:30 isis snowflake-proxy[2259]: 2026/04/13 01:40:19 In the last 1h0m0s, there were 28 connections. Traffic Relayed ↑ 4618 KB, ↓ 1122 KB.
2026-04-13T08:25:33+05:30 isis snowflake-proxy[2259]: 2026/04/13 02:55:33 In the last 1h0m0s, there were 43 connections. Traffic Relayed ↑ 3820 KB, ↓ 664 KB.
2026-04-13T09:25:33+05:30 isis snowflake-proxy[2259]: 2026/04/13 03:55:33 In the last 1h0m0s, there were 31 connections. Traffic Relayed ↑ 3143 KB, ↓ 487 KB.
2026-04-13T10:25:33+05:30 isis snowflake-proxy[2259]: 2026/04/13 04:55:33 In the last 1h0m0s, there were 22 connections. Traffic Relayed ↑ 5012 KB, ↓ 130 KB.
2026-04-13T11:25:33+05:30 isis snowflake-proxy[2259]: 2026/04/13 05:55:33 In the last 1h0m0s, there were 33 connections. Traffic Relayed ↑ 92808 KB, ↓ 4024 KB.
2026-04-13T12:25:33+05:30 isis snowflake-proxy[2259]: 2026/04/13 06:55:33 In the last 1h0m0s, there were 31 connections. Traffic Relayed ↑ 22625 KB, ↓ 263 KB.
2026-04-13T13:25:33+05:30 isis snowflake-proxy[2259]: 2026/04/13 07:55:33 In the last 1h0m0s, there were 29 connections. Traffic Relayed ↑ 36726 KB, ↓ 2116 KB.
2026-04-13T14:25:33+05:30 isis snowflake-proxy[2259]: 2026/04/13 08:55:33 In the last 1h0m0s, there were 29 connections. Traffic Relayed ↑ 108272 KB, ↓ 515 KB.
2026-04-13T15:25:33+05:30 isis snowflake-proxy[2259]: 2026/04/13 09:55:33 In the last 1h0m0s, there were 18 connections. Traffic Relayed ↑ 5625 KB, ↓ 410 KB.
2026-04-13T16:25:33+05:30 isis snowflake-proxy[2259]: 2026/04/13 10:55:33 In the last 1h0m0s, there were 22 connections. Traffic Relayed ↑ 64950 KB, ↓ 3252 KB.
2026-04-13T17:25:33+05:30 isis snowflake-proxy[2259]: 2026/04/13 11:55:33 In the last 1h0m0s, there were 20 connections. Traffic Relayed ↑ 23667 KB, ↓ 215 KB.
2026-04-13T18:25:33+05:30 isis snowflake-proxy[2259]: 2026/04/13 12:55:33 In the last 1h0m0s, there were 16 connections. Traffic Relayed ↑ 31966 KB, ↓ 2169 KB.
2026-04-13T19:25:33+05:30 isis snowflake-proxy[2259]: 2026/04/13 13:55:33 In the last 1h0m0s, there were 12 connections. Traffic Relayed ↑ 21534 KB, ↓ 83 KB.
2026-04-13T20:25:33+05:30 isis snowflake-proxy[2259]: 2026/04/13 14:55:33 In the last 1h0m0s, there were 30 connections. Traffic Relayed ↑ 2646549 KB, ↓ 685 KB.
2026-04-13T21:25:33+05:30 isis snowflake-proxy[2259]: 2026/04/13 15:55:33 In the last 1h0m0s, there were 30 connections. Traffic Relayed ↑ 121242 KB, ↓ 355 KB.
2026-04-13T22:25:33+05:30 isis snowflake-proxy[2259]: 2026/04/13 16:55:33 In the last 1h0m0s, there were 26 connections. Traffic Relayed ↑ 24444 KB, ↓ 2304 KB.
2026-04-13T23:25:33+05:30 isis snowflake-proxy[2259]: 2026/04/13 17:55:33 In the last 1h0m0s, there were 22 connections. Traffic Relayed ↑ 19636 KB, ↓ 465 KB.
2026-04-14T00:25:33+05:30 isis snowflake-proxy[2259]: 2026/04/13 18:55:33 In the last 1h0m0s, there were 31 connections. Traffic Relayed ↑ 13349 KB, ↓ 570 KB.
2026-04-14T01:25:33+05:30 isis snowflake-proxy[2259]: 2026/04/13 19:55:33 In the last 1h0m0s, there were 24 connections. Traffic Relayed ↑ 20397 KB, ↓ 75 KB.
2026-04-14T02:25:33+05:30 isis snowflake-proxy[2259]: 2026/04/13 20:55:33 In the last 1h0m0s, there were 14 connections. Traffic Relayed ↑ 39485 KB, ↓ 30 KB.
2026-04-14T03:25:33+05:30 isis snowflake-proxy[2259]: 2026/04/13 21:55:33 In the last 1h0m0s, there were 12 connections. Traffic Relayed ↑ 25213 KB, ↓ 269 KB.
2026-04-14T04:25:33+05:30 isis snowflake-proxy[2259]: 2026/04/13 22:55:33 In the last 1h0m0s, there were 7 connections. Traffic Relayed ↑ 1551 KB, ↓ 13 KB.
2026-04-14T05:25:33+05:30 isis snowflake-proxy[2259]: 2026/04/13 23:55:33 In the last 1h0m0s, there were 7 connections. Traffic Relayed ↑ 4120 KB, ↓ 67 KB.
2026-04-14T06:25:33+05:30 isis snowflake-proxy[2259]: 2026/04/14 00:55:33 In the last 1h0m0s, there were 14 connections. Traffic Relayed ↑ 1785 KB, ↓ 36 KB.
2026-04-14T07:25:33+05:30 isis snowflake-proxy[2259]: 2026/04/14 01:55:33 In the last 1h0m0s, there were 12 connections. Traffic Relayed ↑ 13606 KB, ↓ 17 KB.
2026-04-14T08:25:33+05:30 isis snowflake-proxy[2259]: 2026/04/14 02:55:33 In the last 1h0m0s, there were 16 connections. Traffic Relayed ↑ 17235 KB, ↓ 957 KB.
2026-04-14T09:25:33+05:30 isis snowflake-proxy[2259]: 2026/04/14 03:55:33 In the last 1h0m0s, there were 15 connections. Traffic Relayed ↑ 12950 KB, ↓ 1937 KB.
2026-04-14T09:50:00+05:30 isis systemd[1]: Stopping snowflake-proxy.service - snowflake-proxy...
2026-04-14T09:50:00+05:30 isis systemd[1]: snowflake-proxy.service: Deactivated successfully.
2026-04-14T09:50:00+05:30 isis systemd[1]: Stopped snowflake-proxy.service - snowflake-proxy.
2026-04-14T09:50:00+05:30 isis systemd[1]: snowflake-proxy.service: Consumed 1h 22min 25.852s CPU time, 3.3G memory peak.
-- Boot b726af7178534a6b9c8c2610020ba6f7 --
2026-04-14T09:50:25+05:30 isis systemd[1]: Started snowflake-proxy.service - snowflake-proxy.
2026-04-14T09:50:25+05:30 isis snowflake-proxy[2253]: 2026/04/14 04:20:25 Proxy starting
2026-04-14T09:50:52+05:30 isis snowflake-proxy[2253]: 2026/04/14 04:20:52 NAT type: restricted
2026-04-14T10:50:25+05:30 isis snowflake-proxy[2253]: 2026/04/14 05:20:25 In the last 1h0m0s, there were 51 connections. Traffic Relayed ↑ 1914 KB, ↓ 254 KB.
2026-04-14T11:50:25+05:30 isis snowflake-proxy[2253]: 2026/04/14 06:20:25 In the last 1h0m0s, there were 24 connections. Traffic Relayed ↑ 3033 KB, ↓ 260 KB.
2026-04-14T12:50:25+05:30 isis snowflake-proxy[2253]: 2026/04/14 07:20:25 In the last 1h0m0s, there were 25 connections. Traffic Relayed ↑ 12084 KB, ↓ 911 KB.
2026-04-14T13:50:25+05:30 isis snowflake-proxy[2253]: 2026/04/14 08:20:25 In the last 1h0m0s, there were 23 connections. Traffic Relayed ↑ 9155 KB, ↓ 66 KB.
2026-04-14T14:50:25+05:30 isis snowflake-proxy[2253]: 2026/04/14 09:20:25 In the last 1h0m0s, there were 8 connections. Traffic Relayed ↑ 51013 KB, ↓ 25 KB.
2026-04-14T15:50:25+05:30 isis snowflake-proxy[2253]: 2026/04/14 10:20:25 In the last 1h0m0s, there were 17 connections. Traffic Relayed ↑ 89102 KB, ↓ 10431 KB.
2026-04-14T16:50:25+05:30 isis snowflake-proxy[2253]: 2026/04/14 11:20:25 In the last 1h0m0s, there were 24 connections. Traffic Relayed ↑ 3594 KB, ↓ 273 KB.
2026-04-14T17:50:25+05:30 isis snowflake-proxy[2253]: 2026/04/14 12:20:25 In the last 1h0m0s, there were 20 connections. Traffic Relayed ↑ 5842 KB, ↓ 107 KB.
2026-04-14T18:50:25+05:30 isis snowflake-proxy[2253]: 2026/04/14 13:20:25 In the last 1h0m0s, there were 12 connections. Traffic Relayed ↑ 197980 KB, ↓ 238 KB.
2026-04-14T19:50:25+05:30 isis snowflake-proxy[2253]: 2026/04/14 14:20:25 In the last 1h0m0s, there were 10 connections. Traffic Relayed ↑ 43418 KB, ↓ 1449 KB.
2026-04-14T20:50:25+05:30 isis snowflake-proxy[2253]: 2026/04/14 15:20:25 In the last 1h0m0s, there were 14 connections. Traffic Relayed ↑ 194912 KB, ↓ 133 KB.
2026-04-14T21:50:25+05:30 isis snowflake-proxy[2253]: 2026/04/14 16:20:25 In the last 1h0m0s, there were 16 connections. Traffic Relayed ↑ 46536 KB, ↓ 231 KB.
2026-04-14T22:50:25+05:30 isis snowflake-proxy[2253]: 2026/04/14 17:20:25 In the last 1h0m0s, there were 8 connections. Traffic Relayed ↑ 1621 KB, ↓ 11 KB.
2026-04-14T23:50:25+05:30 isis snowflake-proxy[2253]: 2026/04/14 18:20:25 In the last 1h0m0s, there were 13 connections. Traffic Relayed ↑ 107649 KB, ↓ 8405 KB.
2026-04-15T00:50:25+05:30 isis snowflake-proxy[2253]: 2026/04/14 19:20:25 In the last 1h0m0s, there were 3 connections. Traffic Relayed ↑ 19043 KB, ↓ 180 KB.
2026-04-15T01:50:25+05:30 isis snowflake-proxy[2253]: 2026/04/14 20:20:25 In the last 1h0m0s, there were 6 connections. Traffic Relayed ↑ 204831 KB, ↓ 60 KB.
2026-04-15T02:50:25+05:30 isis snowflake-proxy[2253]: 2026/04/14 21:20:25 In the last 1h0m0s, there were 21 connections. Traffic Relayed ↑ 45210 KB, ↓ 1306 KB.
2026-04-15T03:50:25+05:30 isis snowflake-proxy[2253]: 2026/04/14 22:20:25 In the last 1h0m0s, there were 24 connections. Traffic Relayed ↑ 20514 KB, ↓ 87 KB.
2026-04-15T04:50:25+05:30 isis snowflake-proxy[2253]: 2026/04/14 23:20:25 In the last 1h0m0s, there were 17 connections. Traffic Relayed ↑ 23291 KB, ↓ 170 KB.
2026-04-15T05:50:25+05:30 isis snowflake-proxy[2253]: 2026/04/15 00:20:25 In the last 1h0m0s, there were 30 connections. Traffic Relayed ↑ 185753 KB, ↓ 8413 KB.
2026-04-15T06:48:59+05:30 isis systemd[1]: Stopping snowflake-proxy.service - snowflake-proxy...
2026-04-15T06:48:59+05:30 isis systemd[1]: snowflake-proxy.service: Deactivated successfully.
2026-04-15T06:48:59+05:30 isis systemd[1]: Stopped snowflake-proxy.service - snowflake-proxy.
2026-04-15T06:48:59+05:30 isis systemd[1]: snowflake-proxy.service: Consumed 10min 22.717s CPU time, 479M memory peak.
-- Boot 969a6e42860d4bf8b477e9dc9aa8c60b --
2026-04-15T06:49:26+05:30 isis systemd[1]: Started snowflake-proxy.service - snowflake-proxy.
2026-04-15T06:49:26+05:30 isis snowflake-proxy[2248]: 2026/04/15 01:19:26 Proxy starting
2026-04-15T06:49:52+05:30 isis snowflake-proxy[2248]: 2026/04/15 01:19:52 NAT type: restricted
2026-04-15T07:49:26+05:30 isis snowflake-proxy[2248]: 2026/04/15 02:19:26 In the last 1h0m0s, there were 23 connections. Traffic Relayed ↑ 2178 KB, ↓ 159 KB.
2026-04-15T08:49:26+05:30 isis snowflake-proxy[2248]: 2026/04/15 03:19:26 In the last 1h0m0s, there were 21 connections. Traffic Relayed ↑ 905 KB, ↓ 36 KB.
2026-04-15T09:49:26+05:30 isis snowflake-proxy[2248]: 2026/04/15 04:19:26 In the last 1h0m0s, there were 13 connections. Traffic Relayed ↑ 6463 KB, ↓ 271 KB.
2026-04-15T10:49:26+05:30 isis snowflake-proxy[2248]: 2026/04/15 05:19:26 In the last 1h0m0s, there were 14 connections. Traffic Relayed ↑ 2367 KB, ↓ 367 KB.
2026-04-15T11:49:26+05:30 isis snowflake-proxy[2248]: 2026/04/15 06:19:26 In the last 1h0m0s, there were 7 connections. Traffic Relayed ↑ 425 KB, ↓ 12 KB.
2026-04-15T12:49:26+05:30 isis snowflake-proxy[2248]: 2026/04/15 07:19:26 In the last 1h0m0s, there were 13 connections. Traffic Relayed ↑ 121516 KB, ↓ 4657 KB.
2026-04-15T13:49:26+05:30 isis snowflake-proxy[2248]: 2026/04/15 08:19:26 In the last 1h0m0s, there were 18 connections. Traffic Relayed ↑ 5483 KB, ↓ 130 KB.
2026-04-15T14:49:26+05:30 isis snowflake-proxy[2248]: 2026/04/15 09:19:26 In the last 1h0m0s, there were 12 connections. Traffic Relayed ↑ 3748 KB, ↓ 160 KB.
2026-04-15T15:49:26+05:30 isis snowflake-proxy[2248]: 2026/04/15 10:19:26 In the last 1h0m0s, there were 4 connections. Traffic Relayed ↑ 71 KB, ↓ 17 KB.
2026-04-15T16:49:26+05:30 isis snowflake-proxy[2248]: 2026/04/15 11:19:26 In the last 1h0m0s, there were 8 connections. Traffic Relayed ↑ 7696 KB, ↓ 38 KB.
2026-04-15T17:49:26+05:30 isis snowflake-proxy[2248]: 2026/04/15 12:19:26 In the last 1h0m0s, there were 9 connections. Traffic Relayed ↑ 1892 KB, ↓ 35 KB.
2026-04-15T18:49:26+05:30 isis snowflake-proxy[2248]: 2026/04/15 13:19:26 In the last 1h0m0s, there were 7 connections. Traffic Relayed ↑ 1104 KB, ↓ 185 KB.
2026-04-15T19:49:26+05:30 isis snowflake-proxy[2248]: 2026/04/15 14:19:26 In the last 1h0m0s, there were 19 connections. Traffic Relayed ↑ 6311 KB, ↓ 796 KB.
2026-04-15T19:57:41+05:30 isis snowflake-proxy[2248]: mux ERROR: 2026/04/15 19:57:41 mux: ending readLoop dispatch error io: read/write on closed pipe
2026-04-15T20:49:26+05:30 isis snowflake-proxy[2248]: 2026/04/15 15:19:26 In the last 1h0m0s, there were 14 connections. Traffic Relayed ↑ 176902 KB, ↓ 7306 KB.
2026-04-15T21:49:26+05:30 isis snowflake-proxy[2248]: 2026/04/15 16:19:26 In the last 1h0m0s, there were 8 connections. Traffic Relayed ↑ 5294 KB, ↓ 161 KB.
2026-04-15T22:49:26+05:30 isis snowflake-proxy[2248]: 2026/04/15 17:19:26 In the last 1h0m0s, there were 17 connections. Traffic Relayed ↑ 14024 KB, ↓ 962 KB.
2026-04-15T23:49:26+05:30 isis snowflake-proxy[2248]: 2026/04/15 18:19:26 In the last 1h0m0s, there were 20 connections. Traffic Relayed ↑ 89500 KB, ↓ 103 KB.
2026-04-16T00:49:26+05:30 isis snowflake-proxy[2248]: 2026/04/15 19:19:26 In the last 1h0m0s, there were 8 connections. Traffic Relayed ↑ 425726 KB, ↓ 24 KB.
2026-04-16T01:49:26+05:30 isis snowflake-proxy[2248]: 2026/04/15 20:19:26 In the last 1h0m0s, there were 10 connections. Traffic Relayed ↑ 51654 KB, ↓ 42 KB.
2026-04-16T02:49:26+05:30 isis snowflake-proxy[2248]: 2026/04/15 21:19:26 In the last 1h0m0s, there were 14 connections. Traffic Relayed ↑ 19678 KB, ↓ 2638 KB.
2026-04-16T03:49:26+05:30 isis snowflake-proxy[2248]: 2026/04/15 22:19:26 In the last 1h0m0s, there were 12 connections. Traffic Relayed ↑ 9510 KB, ↓ 70 KB.
2026-04-16T04:49:26+05:30 isis snowflake-proxy[2248]: 2026/04/15 23:19:26 In the last 1h0m0s, there were 23 connections. Traffic Relayed ↑ 596915 KB, ↓ 25194 KB.
2026-04-16T05:49:26+05:30 isis snowflake-proxy[2248]: 2026/04/16 00:19:26 In the last 1h0m0s, there were 11 connections. Traffic Relayed ↑ 169860 KB, ↓ 7316 KB.
2026-04-16T06:49:26+05:30 isis snowflake-proxy[2248]: 2026/04/16 01:19:26 In the last 1h0m0s, there were 10 connections. Traffic Relayed ↑ 4318 KB, ↓ 18 KB.
2026-04-16T07:49:26+05:30 isis snowflake-proxy[2248]: 2026/04/16 02:19:26 In the last 1h0m0s, there were 23 connections. Traffic Relayed ↑ 19686 KB, ↓ 2886 KB.
2026-04-16T08:49:26+05:30 isis snowflake-proxy[2248]: 2026/04/16 03:19:26 In the last 1h0m0s, there were 30 connections. Traffic Relayed ↑ 61840 KB, ↓ 702 KB.
2026-04-16T09:49:26+05:30 isis snowflake-proxy[2248]: 2026/04/16 04:19:26 In the last 1h0m0s, there were 27 connections. Traffic Relayed ↑ 3800 KB, ↓ 77 KB.
2026-04-16T10:49:26+05:30 isis snowflake-proxy[2248]: 2026/04/16 05:19:26 In the last 1h0m0s, there were 20 connections. Traffic Relayed ↑ 773 KB, ↓ 120 KB.
2026-04-16T11:49:26+05:30 isis snowflake-proxy[2248]: 2026/04/16 06:19:26 In the last 1h0m0s, there were 24 connections. Traffic Relayed ↑ 2184 KB, ↓ 229 KB.
2026-04-16T12:49:26+05:30 isis snowflake-proxy[2248]: 2026/04/16 07:19:26 In the last 1h0m0s, there were 20 connections. Traffic Relayed ↑ 11390 KB, ↓ 416 KB.
2026-04-16T13:49:26+05:30 isis snowflake-proxy[2248]: 2026/04/16 08:19:26 In the last 1h0m0s, there were 7 connections. Traffic Relayed ↑ 21195 KB, ↓ 13 KB.
2026-04-16T14:49:26+05:30 isis snowflake-proxy[2248]: 2026/04/16 09:19:26 In the last 1h0m0s, there were 20 connections. Traffic Relayed ↑ 164139 KB, ↓ 80016 KB.
2026-04-16T15:49:26+05:30 isis snowflake-proxy[2248]: 2026/04/16 10:19:26 In the last 1h0m0s, there were 26 connections. Traffic Relayed ↑ 63731 KB, ↓ 3109 KB.
2026-04-16T16:49:26+05:30 isis snowflake-proxy[2248]: 2026/04/16 11:19:26 In the last 1h0m0s, there were 24 connections. Traffic Relayed ↑ 55797 KB, ↓ 2293 KB.
2026-04-16T17:49:26+05:30 isis snowflake-proxy[2248]: 2026/04/16 12:19:26 In the last 1h0m0s, there were 27 connections. Traffic Relayed ↑ 50348 KB, ↓ 4282 KB.
2026-04-16T18:49:26+05:30 isis snowflake-proxy[2248]: 2026/04/16 13:19:26 In the last 1h0m0s, there were 30 connections. Traffic Relayed ↑ 31337 KB, ↓ 2646 KB.
2026-04-16T19:49:26+05:30 isis snowflake-proxy[2248]: 2026/04/16 14:19:26 In the last 1h0m0s, there were 28 connections. Traffic Relayed ↑ 44228 KB, ↓ 2716 KB.
2026-04-16T20:49:26+05:30 isis snowflake-proxy[2248]: 2026/04/16 15:19:26 In the last 1h0m0s, there were 26 connections. Traffic Relayed ↑ 96592 KB, ↓ 4690 KB.
2026-04-16T21:49:26+05:30 isis snowflake-proxy[2248]: 2026/04/16 16:19:26 In the last 1h0m0s, there were 30 connections. Traffic Relayed ↑ 5429 KB, ↓ 503 KB.
2026-04-16T22:49:26+05:30 isis snowflake-proxy[2248]: 2026/04/16 17:19:26 In the last 1h0m0s, there were 32 connections. Traffic Relayed ↑ 16125 KB, ↓ 478 KB.
2026-04-16T23:49:26+05:30 isis snowflake-proxy[2248]: 2026/04/16 18:19:26 In the last 1h0m0s, there were 15 connections. Traffic Relayed ↑ 14956 KB, ↓ 1381 KB.
2026-04-17T00:49:26+05:30 isis snowflake-proxy[2248]: 2026/04/16 19:19:26 In the last 1h0m0s, there were 76 connections. Traffic Relayed ↑ 50315 KB, ↓ 4573 KB.
2026-04-17T01:49:26+05:30 isis snowflake-proxy[2248]: 2026/04/16 20:19:26 In the last 1h0m0s, there were 32 connections. Traffic Relayed ↑ 14647 KB, ↓ 724 KB.
2026-04-17T02:49:26+05:30 isis snowflake-proxy[2248]: 2026/04/16 21:19:26 In the last 1h0m0s, there were 28 connections. Traffic Relayed ↑ 116487 KB, ↓ 8390 KB.
2026-04-17T03:49:26+05:30 isis snowflake-proxy[2248]: 2026/04/16 22:19:26 In the last 1h0m0s, there were 15 connections. Traffic Relayed ↑ 3722 KB, ↓ 55 KB.
2026-04-17T04:49:26+05:30 isis snowflake-proxy[2248]: 2026/04/16 23:19:26 In the last 1h0m0s, there were 26 connections. Traffic Relayed ↑ 71937 KB, ↓ 1412 KB.
2026-04-17T05:49:26+05:30 isis snowflake-proxy[2248]: 2026/04/17 00:19:26 In the last 1h0m0s, there were 30 connections. Traffic Relayed ↑ 6152 KB, ↓ 499 KB.
2026-04-17T06:49:26+05:30 isis snowflake-proxy[2248]: 2026/04/17 01:19:26 In the last 1h0m0s, there were 29 connections. Traffic Relayed ↑ 2764 KB, ↓ 98 KB.
2026-04-17T07:49:26+05:30 isis snowflake-proxy[2248]: 2026/04/17 02:19:26 In the last 1h0m0s, there were 29 connections. Traffic Relayed ↑ 5835 KB, ↓ 722 KB.
2026-04-17T08:49:26+05:30 isis snowflake-proxy[2248]: 2026/04/17 03:19:26 In the last 1h0m0s, there were 16 connections. Traffic Relayed ↑ 100885 KB, ↓ 26 KB.
2026-04-17T09:49:26+05:30 isis snowflake-proxy[2248]: 2026/04/17 04:19:26 In the last 1h0m0s, there were 21 connections. Traffic Relayed ↑ 283505 KB, ↓ 66 KB.
2026-04-17T10:49:26+05:30 isis snowflake-proxy[2248]: 2026/04/17 05:19:26 In the last 1h0m0s, there were 24 connections. Traffic Relayed ↑ 119548 KB, ↓ 10424 KB.
2026-04-17T11:49:26+05:30 isis snowflake-proxy[2248]: 2026/04/17 06:19:26 In the last 1h0m0s, there were 20 connections. Traffic Relayed ↑ 6447 KB, ↓ 180 KB.
2026-04-17T12:49:26+05:30 isis snowflake-proxy[2248]: 2026/04/17 07:19:26 In the last 1h0m0s, there were 18 connections. Traffic Relayed ↑ 2135 KB, ↓ 484 KB.
2026-04-17T13:49:26+05:30 isis snowflake-proxy[2248]: 2026/04/17 08:19:26 In the last 1h0m0s, there were 24 connections. Traffic Relayed ↑ 28814 KB, ↓ 556 KB.
2026-04-17T14:49:26+05:30 isis snowflake-proxy[2248]: 2026/04/17 09:19:26 In the last 1h0m0s, there were 24 connections. Traffic Relayed ↑ 3239 KB, ↓ 137 KB.
2026-04-17T15:49:26+05:30 isis snowflake-proxy[2248]: 2026/04/17 10:19:26 In the last 1h0m0s, there were 19 connections. Traffic Relayed ↑ 177484 KB, ↓ 136 KB.
2026-04-17T16:49:26+05:30 isis snowflake-proxy[2248]: 2026/04/17 11:19:26 In the last 1h0m0s, there were 14 connections. Traffic Relayed ↑ 4105 KB, ↓ 88 KB.
2026-04-17T17:49:26+05:30 isis snowflake-proxy[2248]: 2026/04/17 12:19:26 In the last 1h0m0s, there were 27 connections. Traffic Relayed ↑ 6483 KB, ↓ 218 KB.
2026-04-17T18:49:26+05:30 isis snowflake-proxy[2248]: 2026/04/17 13:19:26 In the last 1h0m0s, there were 22 connections. Traffic Relayed ↑ 2865 KB, ↓ 594 KB.
2026-04-17T19:49:26+05:30 isis snowflake-proxy[2248]: 2026/04/17 14:19:26 In the last 1h0m0s, there were 12 connections. Traffic Relayed ↑ 1575 KB, ↓ 193 KB.
2026-04-17T20:49:26+05:30 isis snowflake-proxy[2248]: 2026/04/17 15:19:26 In the last 1h0m0s, there were 8 connections. Traffic Relayed ↑ 22654 KB, ↓ 1178 KB.
2026-04-17T21:49:26+05:30 isis snowflake-proxy[2248]: 2026/04/17 16:19:26 In the last 1h0m0s, there were 28 connections. Traffic Relayed ↑ 147544 KB, ↓ 3273 KB.
2026-04-17T22:49:26+05:30 isis snowflake-proxy[2248]: 2026/04/17 17:19:26 In the last 1h0m0s, there were 20 connections. Traffic Relayed ↑ 205124 KB, ↓ 12637 KB.
2026-04-17T23:49:26+05:30 isis snowflake-proxy[2248]: 2026/04/17 18:19:26 In the last 1h0m0s, there were 34 connections. Traffic Relayed ↑ 44048 KB, ↓ 5428 KB.
2026-04-18T00:49:26+05:30 isis snowflake-proxy[2248]: 2026/04/17 19:19:26 In the last 1h0m0s, there were 29 connections. Traffic Relayed ↑ 46433 KB, ↓ 2996 KB.
2026-04-18T01:49:26+05:30 isis snowflake-proxy[2248]: 2026/04/17 20:19:26 In the last 1h0m0s, there were 25 connections. Traffic Relayed ↑ 28631 KB, ↓ 347 KB.
2026-04-18T02:49:26+05:30 isis snowflake-proxy[2248]: 2026/04/17 21:19:26 In the last 1h0m0s, there were 13 connections. Traffic Relayed ↑ 310254 KB, ↓ 774 KB.
2026-04-18T03:49:26+05:30 isis snowflake-proxy[2248]: 2026/04/17 22:19:26 In the last 1h0m0s, there were 29 connections. Traffic Relayed ↑ 341902 KB, ↓ 17658 KB.
2026-04-18T04:49:26+05:30 isis snowflake-proxy[2248]: 2026/04/17 23:19:26 In the last 1h0m0s, there were 23 connections. Traffic Relayed ↑ 14540 KB, ↓ 597 KB.
2026-04-18T05:49:26+05:30 isis snowflake-proxy[2248]: 2026/04/18 00:19:26 In the last 1h0m0s, there were 28 connections. Traffic Relayed ↑ 132840 KB, ↓ 5125 KB.
2026-04-18T06:49:26+05:30 isis snowflake-proxy[2248]: 2026/04/18 01:19:26 In the last 1h0m0s, there were 26 connections. Traffic Relayed ↑ 1301 KB, ↓ 183 KB.
2026-04-18T07:49:26+05:30 isis snowflake-proxy[2248]: 2026/04/18 02:19:26 In the last 1h0m0s, there were 16 connections. Traffic Relayed ↑ 104599 KB, ↓ 7899 KB.
2026-04-18T08:49:26+05:30 isis snowflake-proxy[2248]: 2026/04/18 03:19:26 In the last 1h0m0s, there were 19 connections. Traffic Relayed ↑ 3799 KB, ↓ 393 KB.
2026-04-18T09:49:26+05:30 isis snowflake-proxy[2248]: 2026/04/18 04:19:26 In the last 1h0m0s, there were 11 connections. Traffic Relayed ↑ 235438 KB, ↓ 10415 KB.
2026-04-18T10:49:26+05:30 isis snowflake-proxy[2248]: 2026/04/18 05:19:26 In the last 1h0m0s, there were 25 connections. Traffic Relayed ↑ 344532 KB, ↓ 20417 KB.
2026-04-18T11:49:26+05:30 isis snowflake-proxy[2248]: 2026/04/18 06:19:26 In the last 1h0m0s, there were 25 connections. Traffic Relayed ↑ 10614 KB, ↓ 687 KB.
2026-04-18T12:49:26+05:30 isis snowflake-proxy[2248]: 2026/04/18 07:19:26 In the last 1h0m0s, there were 40 connections. Traffic Relayed ↑ 30874 KB, ↓ 880 KB.
2026-04-18T13:49:26+05:30 isis snowflake-proxy[2248]: 2026/04/18 08:19:26 In the last 1h0m0s, there were 26 connections. Traffic Relayed ↑ 50888 KB, ↓ 2291 KB.
2026-04-18T14:49:26+05:30 isis snowflake-proxy[2248]: 2026/04/18 09:19:26 In the last 1h0m0s, there were 21 connections. Traffic Relayed ↑ 92146 KB, ↓ 161 KB.
2026-04-18T15:49:26+05:30 isis snowflake-proxy[2248]: 2026/04/18 10:19:26 In the last 1h0m0s, there were 24 connections. Traffic Relayed ↑ 18505 KB, ↓ 1779 KB.
2026-04-18T16:49:26+05:30 isis snowflake-proxy[2248]: 2026/04/18 11:19:26 In the last 1h0m0s, there were 25 connections. Traffic Relayed ↑ 7214 KB, ↓ 531 KB.
2026-04-18T17:49:26+05:30 isis snowflake-proxy[2248]: 2026/04/18 12:19:26 In the last 1h0m0s, there were 24 connections. Traffic Relayed ↑ 8276 KB, ↓ 644 KB.
2026-04-18T18:49:26+05:30 isis snowflake-proxy[2248]: 2026/04/18 13:19:26 In the last 1h0m0s, there were 16 connections. Traffic Relayed ↑ 20920 KB, ↓ 347 KB.
2026-04-18T19:49:26+05:30 isis snowflake-proxy[2248]: 2026/04/18 14:19:26 In the last 1h0m0s, there were 26 connections. Traffic Relayed ↑ 101977 KB, ↓ 2655 KB.
2026-04-18T20:49:26+05:30 isis snowflake-proxy[2248]: 2026/04/18 15:19:26 In the last 1h0m0s, there were 28 connections. Traffic Relayed ↑ 2410 KB, ↓ 318 KB.
2026-04-18T21:49:26+05:30 isis snowflake-proxy[2248]: 2026/04/18 16:19:26 In the last 1h0m0s, there were 30 connections. Traffic Relayed ↑ 160179 KB, ↓ 2410 KB.
2026-04-18T22:49:26+05:30 isis snowflake-proxy[2248]: 2026/04/18 17:19:26 In the last 1h0m0s, there were 34 connections. Traffic Relayed ↑ 33820 KB, ↓ 1632 KB.
2026-04-18T23:49:26+05:30 isis snowflake-proxy[2248]: 2026/04/18 18:19:26 In the last 1h0m0s, there were 24 connections. Traffic Relayed ↑ 81584 KB, ↓ 266 KB.
