2026-04-05T00:33:03+05:30 isis snowflake-proxy[2251]: 2026/04/04 19:03:03 In the last 1h0m0s, there were 55 connections. Traffic Relayed ↑ 314548 KB, ↓ 27384 KB.
2026-04-05T01:33:03+05:30 isis snowflake-proxy[2251]: 2026/04/04 20:03:03 In the last 1h0m0s, there were 50 connections. Traffic Relayed ↑ 4661 KB, ↓ 755 KB.
2026-04-05T02:33:03+05:30 isis snowflake-proxy[2251]: 2026/04/04 21:03:03 In the last 1h0m0s, there were 41 connections. Traffic Relayed ↑ 11074 KB, ↓ 1303 KB.
2026-04-05T03:33:03+05:30 isis snowflake-proxy[2251]: 2026/04/04 22:03:03 In the last 1h0m0s, there were 27 connections. Traffic Relayed ↑ 15711 KB, ↓ 937 KB.
2026-04-05T04:33:03+05:30 isis snowflake-proxy[2251]: 2026/04/04 23:03:03 In the last 1h0m0s, there were 20 connections. Traffic Relayed ↑ 196513 KB, ↓ 9249 KB.
2026-04-05T05:33:03+05:30 isis snowflake-proxy[2251]: 2026/04/05 00:03:03 In the last 1h0m0s, there were 26 connections. Traffic Relayed ↑ 175671 KB, ↓ 51 KB.
2026-04-05T06:33:03+05:30 isis snowflake-proxy[2251]: 2026/04/05 01:03:03 In the last 1h0m0s, there were 33 connections. Traffic Relayed ↑ 5573 KB, ↓ 935 KB.
2026-04-05T07:33:03+05:30 isis snowflake-proxy[2251]: 2026/04/05 02:03:03 In the last 1h0m0s, there were 36 connections. Traffic Relayed ↑ 5769 KB, ↓ 699 KB.
2026-04-05T08:33:03+05:30 isis snowflake-proxy[2251]: 2026/04/05 03:03:03 In the last 1h0m0s, there were 26 connections. Traffic Relayed ↑ 152357 KB, ↓ 6028 KB.
2026-04-05T09:33:03+05:30 isis snowflake-proxy[2251]: 2026/04/05 04:03:03 In the last 1h0m0s, there were 23 connections. Traffic Relayed ↑ 4840 KB, ↓ 471 KB.
2026-04-05T10:33:03+05:30 isis snowflake-proxy[2251]: 2026/04/05 05:03:03 In the last 1h0m0s, there were 30 connections. Traffic Relayed ↑ 51420 KB, ↓ 722 KB.
2026-04-05T11:33:03+05:30 isis snowflake-proxy[2251]: 2026/04/05 06:03:03 In the last 1h0m0s, there were 75 connections. Traffic Relayed ↑ 188253 KB, ↓ 2833 KB.
2026-04-05T12:33:03+05:30 isis snowflake-proxy[2251]: 2026/04/05 07:03:03 In the last 1h0m0s, there were 83 connections. Traffic Relayed ↑ 123485 KB, ↓ 229 KB.
2026-04-05T13:33:03+05:30 isis snowflake-proxy[2251]: 2026/04/05 08:03:03 In the last 1h0m0s, there were 67 connections. Traffic Relayed ↑ 86953 KB, ↓ 3864 KB.
2026-04-05T14:33:03+05:30 isis snowflake-proxy[2251]: 2026/04/05 09:03:03 In the last 1h0m0s, there were 58 connections. Traffic Relayed ↑ 20266 KB, ↓ 4591 KB.
2026-04-05T15:33:03+05:30 isis snowflake-proxy[2251]: 2026/04/05 10:03:03 In the last 1h0m0s, there were 47 connections. Traffic Relayed ↑ 225908 KB, ↓ 973 KB.
2026-04-05T16:33:03+05:30 isis snowflake-proxy[2251]: 2026/04/05 11:03:03 In the last 1h0m0s, there were 101 connections. Traffic Relayed ↑ 400659 KB, ↓ 7540 KB.
2026-04-05T17:33:03+05:30 isis snowflake-proxy[2251]: 2026/04/05 12:03:03 In the last 1h0m0s, there were 73 connections. Traffic Relayed ↑ 22357 KB, ↓ 228 KB.
2026-04-05T18:33:03+05:30 isis snowflake-proxy[2251]: 2026/04/05 13:03:03 In the last 1h0m0s, there were 65 connections. Traffic Relayed ↑ 86734 KB, ↓ 1358 KB.
2026-04-05T19:18:25+05:30 isis snowflake-proxy[2251]: mux ERROR: 2026/04/05 19:18:25 mux: ending readLoop dispatch error io: read/write on closed pipe
2026-04-05T19:33:03+05:30 isis snowflake-proxy[2251]: 2026/04/05 14:03:03 In the last 1h0m0s, there were 66 connections. Traffic Relayed ↑ 60714 KB, ↓ 2164 KB.
2026-04-05T20:33:03+05:30 isis snowflake-proxy[2251]: 2026/04/05 15:03:03 In the last 1h0m0s, there were 72 connections. Traffic Relayed ↑ 8229 KB, ↓ 451 KB.
2026-04-05T21:33:03+05:30 isis snowflake-proxy[2251]: 2026/04/05 16:03:03 In the last 1h0m0s, there were 81 connections. Traffic Relayed ↑ 15207 KB, ↓ 890 KB.
2026-04-05T22:33:03+05:30 isis snowflake-proxy[2251]: 2026/04/05 17:03:03 In the last 1h0m0s, there were 67 connections. Traffic Relayed ↑ 55585 KB, ↓ 387 KB.
2026-04-05T23:33:03+05:30 isis snowflake-proxy[2251]: 2026/04/05 18:03:03 In the last 1h0m0s, there were 65 connections. Traffic Relayed ↑ 40138 KB, ↓ 1509 KB.
2026-04-06T00:33:03+05:30 isis snowflake-proxy[2251]: 2026/04/05 19:03:03 In the last 1h0m0s, there were 53 connections. Traffic Relayed ↑ 8354 KB, ↓ 634 KB.
2026-04-06T01:33:03+05:30 isis snowflake-proxy[2251]: 2026/04/05 20:03:03 In the last 1h0m0s, there were 38 connections. Traffic Relayed ↑ 15044 KB, ↓ 746 KB.
2026-04-06T02:33:03+05:30 isis snowflake-proxy[2251]: 2026/04/05 21:03:03 In the last 1h0m0s, there were 17 connections. Traffic Relayed ↑ 1349 KB, ↓ 624 KB.
2026-04-06T03:33:03+05:30 isis snowflake-proxy[2251]: 2026/04/05 22:03:03 In the last 1h0m0s, there were 13 connections. Traffic Relayed ↑ 12514 KB, ↓ 24 KB.
2026-04-06T04:33:03+05:30 isis snowflake-proxy[2251]: 2026/04/05 23:03:03 In the last 1h0m0s, there were 16 connections. Traffic Relayed ↑ 36698 KB, ↓ 140 KB.
2026-04-06T05:33:03+05:30 isis snowflake-proxy[2251]: 2026/04/06 00:03:03 In the last 1h0m0s, there were 6 connections. Traffic Relayed ↑ 637 KB, ↓ 192 KB.
2026-04-06T06:33:03+05:30 isis snowflake-proxy[2251]: 2026/04/06 01:03:03 In the last 1h0m0s, there were 12 connections. Traffic Relayed ↑ 1763540 KB, ↓ 18374 KB.
2026-04-06T07:33:03+05:30 isis snowflake-proxy[2251]: 2026/04/06 02:03:03 In the last 1h0m0s, there were 7 connections. Traffic Relayed ↑ 263 KB, ↓ 11 KB.
2026-04-06T08:33:03+05:30 isis snowflake-proxy[2251]: 2026/04/06 03:03:03 In the last 1h0m0s, there were 16 connections. Traffic Relayed ↑ 582818 KB, ↓ 30840 KB.
2026-04-06T09:33:03+05:30 isis snowflake-proxy[2251]: 2026/04/06 04:03:03 In the last 1h0m0s, there were 12 connections. Traffic Relayed ↑ 838 KB, ↓ 68 KB.
2026-04-06T10:33:03+05:30 isis snowflake-proxy[2251]: 2026/04/06 05:03:03 In the last 1h0m0s, there were 21 connections. Traffic Relayed ↑ 16447 KB, ↓ 531 KB.
2026-04-06T11:33:03+05:30 isis snowflake-proxy[2251]: 2026/04/06 06:03:03 In the last 1h0m0s, there were 38 connections. Traffic Relayed ↑ 31984 KB, ↓ 1613 KB.
2026-04-06T12:33:03+05:30 isis snowflake-proxy[2251]: 2026/04/06 07:03:03 In the last 1h0m0s, there were 53 connections. Traffic Relayed ↑ 28211 KB, ↓ 11136 KB.
2026-04-06T13:33:03+05:30 isis snowflake-proxy[2251]: 2026/04/06 08:03:03 In the last 1h0m0s, there were 65 connections. Traffic Relayed ↑ 1011188 KB, ↓ 12754 KB.
2026-04-06T14:33:03+05:30 isis snowflake-proxy[2251]: 2026/04/06 09:03:03 In the last 1h0m0s, there were 51 connections. Traffic Relayed ↑ 112223 KB, ↓ 3586 KB.
2026-04-06T15:33:03+05:30 isis snowflake-proxy[2251]: 2026/04/06 10:03:03 In the last 1h0m0s, there were 66 connections. Traffic Relayed ↑ 4484 KB, ↓ 578 KB.
2026-04-06T16:33:03+05:30 isis snowflake-proxy[2251]: 2026/04/06 11:03:03 In the last 1h0m0s, there were 61 connections. Traffic Relayed ↑ 1068416 KB, ↓ 452 KB.
2026-04-06T17:13:10+05:30 isis snowflake-proxy[2251]: mux ERROR: 2026/04/06 17:13:10 mux: ending readLoop dispatch error io: read/write on closed pipe
2026-04-06T17:33:03+05:30 isis snowflake-proxy[2251]: 2026/04/06 12:03:03 In the last 1h0m0s, there were 54 connections. Traffic Relayed ↑ 12886 KB, ↓ 383 KB.
2026-04-06T18:33:03+05:30 isis snowflake-proxy[2251]: 2026/04/06 13:03:03 In the last 1h0m0s, there were 47 connections. Traffic Relayed ↑ 78183 KB, ↓ 3443 KB.
2026-04-06T19:33:03+05:30 isis snowflake-proxy[2251]: 2026/04/06 14:03:03 In the last 1h0m0s, there were 58 connections. Traffic Relayed ↑ 62880 KB, ↓ 8911 KB.
2026-04-06T20:33:03+05:30 isis snowflake-proxy[2251]: 2026/04/06 15:03:03 In the last 1h0m0s, there were 50 connections. Traffic Relayed ↑ 69829 KB, ↓ 4633 KB.
2026-04-06T21:33:03+05:30 isis snowflake-proxy[2251]: 2026/04/06 16:03:03 In the last 1h0m0s, there were 58 connections. Traffic Relayed ↑ 51198 KB, ↓ 358 KB.
2026-04-06T22:33:03+05:30 isis snowflake-proxy[2251]: 2026/04/06 17:03:03 In the last 1h0m0s, there were 67 connections. Traffic Relayed ↑ 460074 KB, ↓ 17021 KB.
2026-04-06T23:33:03+05:30 isis snowflake-proxy[2251]: 2026/04/06 18:03:03 In the last 1h0m0s, there were 57 connections. Traffic Relayed ↑ 160948 KB, ↓ 4293 KB.
2026-04-07T00:33:03+05:30 isis snowflake-proxy[2251]: 2026/04/06 19:03:03 In the last 1h0m0s, there were 45 connections. Traffic Relayed ↑ 24442 KB, ↓ 1838 KB.
2026-04-07T01:33:03+05:30 isis snowflake-proxy[2251]: 2026/04/06 20:03:03 In the last 1h0m0s, there were 43 connections. Traffic Relayed ↑ 57571 KB, ↓ 1572 KB.
2026-04-07T02:33:03+05:30 isis snowflake-proxy[2251]: 2026/04/06 21:03:03 In the last 1h0m0s, there were 35 connections. Traffic Relayed ↑ 4727 KB, ↓ 238 KB.
2026-04-07T03:33:03+05:30 isis snowflake-proxy[2251]: 2026/04/06 22:03:03 In the last 1h0m0s, there were 18 connections. Traffic Relayed ↑ 3329 KB, ↓ 738 KB.
2026-04-07T04:33:03+05:30 isis snowflake-proxy[2251]: 2026/04/06 23:03:03 In the last 1h0m0s, there were 9 connections. Traffic Relayed ↑ 12800 KB, ↓ 40 KB.
2026-04-07T05:33:03+05:30 isis snowflake-proxy[2251]: 2026/04/07 00:03:03 In the last 1h0m0s, there were 26 connections. Traffic Relayed ↑ 1168677 KB, ↓ 33525 KB.
2026-04-07T06:33:03+05:30 isis snowflake-proxy[2251]: 2026/04/07 01:03:03 In the last 1h0m0s, there were 24 connections. Traffic Relayed ↑ 25754 KB, ↓ 77 KB.
2026-04-07T07:33:03+05:30 isis snowflake-proxy[2251]: 2026/04/07 02:03:03 In the last 1h0m0s, there were 24 connections. Traffic Relayed ↑ 215632 KB, ↓ 2424 KB.
2026-04-07T08:33:03+05:30 isis snowflake-proxy[2251]: 2026/04/07 03:03:03 In the last 1h0m0s, there were 16 connections. Traffic Relayed ↑ 908 KB, ↓ 127 KB.
2026-04-07T09:33:03+05:30 isis snowflake-proxy[2251]: 2026/04/07 04:03:03 In the last 1h0m0s, there were 30 connections. Traffic Relayed ↑ 51580 KB, ↓ 31621 KB.
2026-04-07T10:33:03+05:30 isis snowflake-proxy[2251]: 2026/04/07 05:03:03 In the last 1h0m0s, there were 45 connections. Traffic Relayed ↑ 27589 KB, ↓ 890 KB.
2026-04-07T11:33:03+05:30 isis snowflake-proxy[2251]: 2026/04/07 06:03:03 In the last 1h0m0s, there were 48 connections. Traffic Relayed ↑ 2612 KB, ↓ 154 KB.
2026-04-07T12:33:03+05:30 isis snowflake-proxy[2251]: 2026/04/07 07:03:03 In the last 1h0m0s, there were 35 connections. Traffic Relayed ↑ 270081 KB, ↓ 13189 KB.
2026-04-07T13:33:03+05:30 isis snowflake-proxy[2251]: 2026/04/07 08:03:03 In the last 1h0m0s, there were 33 connections. Traffic Relayed ↑ 5237 KB, ↓ 1246 KB.
2026-04-07T14:33:03+05:30 isis snowflake-proxy[2251]: 2026/04/07 09:03:03 In the last 1h0m0s, there were 47 connections. Traffic Relayed ↑ 84067 KB, ↓ 3682 KB.
2026-04-07T15:33:03+05:30 isis snowflake-proxy[2251]: 2026/04/07 10:03:03 In the last 1h0m0s, there were 37 connections. Traffic Relayed ↑ 24120 KB, ↓ 119 KB.
2026-04-07T16:33:03+05:30 isis snowflake-proxy[2251]: 2026/04/07 11:03:03 In the last 1h0m0s, there were 41 connections. Traffic Relayed ↑ 26834 KB, ↓ 1688 KB.
2026-04-07T17:33:03+05:30 isis snowflake-proxy[2251]: 2026/04/07 12:03:03 In the last 1h0m0s, there were 39 connections. Traffic Relayed ↑ 117020 KB, ↓ 1139 KB.
2026-04-07T18:33:03+05:30 isis snowflake-proxy[2251]: 2026/04/07 13:03:03 In the last 1h0m0s, there were 39 connections. Traffic Relayed ↑ 14889 KB, ↓ 1286 KB.
2026-04-07T19:33:03+05:30 isis snowflake-proxy[2251]: 2026/04/07 14:03:03 In the last 1h0m0s, there were 11 connections. Traffic Relayed ↑ 1907 KB, ↓ 356 KB.
2026-04-07T20:33:03+05:30 isis snowflake-proxy[2251]: 2026/04/07 15:03:03 In the last 1h0m0s, there were 58 connections. Traffic Relayed ↑ 3970 KB, ↓ 188 KB.
2026-04-07T21:33:03+05:30 isis snowflake-proxy[2251]: 2026/04/07 16:03:03 In the last 1h0m0s, there were 59 connections. Traffic Relayed ↑ 7950 KB, ↓ 951 KB.
2026-04-07T22:33:03+05:30 isis snowflake-proxy[2251]: 2026/04/07 17:03:03 In the last 1h0m0s, there were 33 connections. Traffic Relayed ↑ 8836 KB, ↓ 681 KB.
2026-04-07T23:33:03+05:30 isis snowflake-proxy[2251]: 2026/04/07 18:03:03 In the last 1h0m0s, there were 36 connections. Traffic Relayed ↑ 4130 KB, ↓ 874 KB.
2026-04-08T00:33:03+05:30 isis snowflake-proxy[2251]: 2026/04/07 19:03:03 In the last 1h0m0s, there were 41 connections. Traffic Relayed ↑ 5181 KB, ↓ 259 KB.
2026-04-08T01:33:03+05:30 isis snowflake-proxy[2251]: 2026/04/07 20:03:03 In the last 1h0m0s, there were 54 connections. Traffic Relayed ↑ 10740 KB, ↓ 1809 KB.
2026-04-08T02:33:03+05:30 isis snowflake-proxy[2251]: 2026/04/07 21:03:03 In the last 1h0m0s, there were 55 connections. Traffic Relayed ↑ 10139 KB, ↓ 458 KB.
2026-04-08T03:33:03+05:30 isis snowflake-proxy[2251]: 2026/04/07 22:03:03 In the last 1h0m0s, there were 55 connections. Traffic Relayed ↑ 3498 KB, ↓ 703 KB.
2026-04-08T04:33:03+05:30 isis snowflake-proxy[2251]: 2026/04/07 23:03:03 In the last 1h0m0s, there were 36 connections. Traffic Relayed ↑ 6202 KB, ↓ 1298 KB.
2026-04-08T05:33:03+05:30 isis snowflake-proxy[2251]: 2026/04/08 00:03:03 In the last 1h0m0s, there were 37 connections. Traffic Relayed ↑ 5798 KB, ↓ 713 KB.
2026-04-08T06:33:03+05:30 isis snowflake-proxy[2251]: 2026/04/08 01:03:03 In the last 1h0m0s, there were 40 connections. Traffic Relayed ↑ 4203 KB, ↓ 1947 KB.
2026-04-08T07:33:03+05:30 isis snowflake-proxy[2251]: 2026/04/08 02:03:03 In the last 1h0m0s, there were 37 connections. Traffic Relayed ↑ 1704 KB, ↓ 447 KB.
2026-04-08T08:33:03+05:30 isis snowflake-proxy[2251]: 2026/04/08 03:03:03 In the last 1h0m0s, there were 50 connections. Traffic Relayed ↑ 2227 KB, ↓ 386 KB.
2026-04-08T09:33:03+05:30 isis snowflake-proxy[2251]: 2026/04/08 04:03:03 In the last 1h0m0s, there were 48 connections. Traffic Relayed ↑ 6085 KB, ↓ 550 KB.
2026-04-08T10:33:03+05:30 isis snowflake-proxy[2251]: 2026/04/08 05:03:03 In the last 1h0m0s, there were 23 connections. Traffic Relayed ↑ 1513 KB, ↓ 71 KB.
2026-04-08T11:33:03+05:30 isis snowflake-proxy[2251]: 2026/04/08 06:03:03 In the last 1h0m0s, there were 56 connections. Traffic Relayed ↑ 9354 KB, ↓ 650 KB.
2026-04-08T12:33:03+05:30 isis snowflake-proxy[2251]: 2026/04/08 07:03:03 In the last 1h0m0s, there were 52 connections. Traffic Relayed ↑ 4689 KB, ↓ 781 KB.
2026-04-08T13:33:03+05:30 isis snowflake-proxy[2251]: 2026/04/08 08:03:03 In the last 1h0m0s, there were 50 connections. Traffic Relayed ↑ 4205 KB, ↓ 256 KB.
2026-04-08T14:33:03+05:30 isis snowflake-proxy[2251]: 2026/04/08 09:03:03 In the last 1h0m0s, there were 48 connections. Traffic Relayed ↑ 6864 KB, ↓ 1330 KB.
2026-04-08T15:33:03+05:30 isis snowflake-proxy[2251]: 2026/04/08 10:03:03 In the last 1h0m0s, there were 48 connections. Traffic Relayed ↑ 4462 KB, ↓ 409 KB.
2026-04-08T16:33:03+05:30 isis snowflake-proxy[2251]: 2026/04/08 11:03:03 In the last 1h0m0s, there were 41 connections. Traffic Relayed ↑ 12982 KB, ↓ 1223 KB.
2026-04-08T17:33:03+05:30 isis snowflake-proxy[2251]: 2026/04/08 12:03:03 In the last 1h0m0s, there were 30 connections. Traffic Relayed ↑ 93108 KB, ↓ 790 KB.
2026-04-08T18:33:03+05:30 isis snowflake-proxy[2251]: 2026/04/08 13:03:03 In the last 1h0m0s, there were 28 connections. Traffic Relayed ↑ 1209 KB, ↓ 69 KB.
2026-04-08T19:33:03+05:30 isis snowflake-proxy[2251]: 2026/04/08 14:03:03 In the last 1h0m0s, there were 39 connections. Traffic Relayed ↑ 214379 KB, ↓ 7598 KB.
2026-04-08T20:33:03+05:30 isis snowflake-proxy[2251]: 2026/04/08 15:03:03 In the last 1h0m0s, there were 56 connections. Traffic Relayed ↑ 53028 KB, ↓ 2767 KB.
2026-04-08T21:34:24+05:30 isis snowflake-proxy[2251]: 2026/04/08 16:04:24 In the last 1h0m0s, there were 64 connections. Traffic Relayed ↑ 115149 KB, ↓ 554 KB.
2026-04-08T22:34:24+05:30 isis snowflake-proxy[2251]: 2026/04/08 17:04:24 In the last 1h0m0s, there were 63 connections. Traffic Relayed ↑ 3614 KB, ↓ 558 KB.
2026-04-08T23:34:24+05:30 isis snowflake-proxy[2251]: 2026/04/08 18:04:24 In the last 1h0m0s, there were 52 connections. Traffic Relayed ↑ 2632 KB, ↓ 433 KB.
2026-04-09T00:34:24+05:30 isis snowflake-proxy[2251]: 2026/04/08 19:04:24 In the last 1h0m0s, there were 38 connections. Traffic Relayed ↑ 3511 KB, ↓ 420 KB.
2026-04-09T01:34:24+05:30 isis snowflake-proxy[2251]: 2026/04/08 20:04:24 In the last 1h0m0s, there were 33 connections. Traffic Relayed ↑ 60747 KB, ↓ 2173 KB.
2026-04-09T02:34:24+05:30 isis snowflake-proxy[2251]: 2026/04/08 21:04:24 In the last 1h0m0s, there were 25 connections. Traffic Relayed ↑ 42167 KB, ↓ 2022 KB.
2026-04-09T03:34:24+05:30 isis snowflake-proxy[2251]: 2026/04/08 22:04:24 In the last 1h0m0s, there were 29 connections. Traffic Relayed ↑ 1840 KB, ↓ 112 KB.
2026-04-09T04:34:24+05:30 isis snowflake-proxy[2251]: 2026/04/08 23:04:24 In the last 1h0m0s, there were 26 connections. Traffic Relayed ↑ 4751 KB, ↓ 215 KB.
2026-04-09T05:34:24+05:30 isis snowflake-proxy[2251]: 2026/04/09 00:04:24 In the last 1h0m0s, there were 18 connections. Traffic Relayed ↑ 25275 KB, ↓ 356 KB.
2026-04-09T06:34:24+05:30 isis snowflake-proxy[2251]: 2026/04/09 01:04:24 In the last 1h0m0s, there were 26 connections. Traffic Relayed ↑ 1171 KB, ↓ 75 KB.
2026-04-09T07:34:24+05:30 isis snowflake-proxy[2251]: 2026/04/09 02:04:24 In the last 1h0m0s, there were 24 connections. Traffic Relayed ↑ 6921 KB, ↓ 130 KB.
2026-04-09T08:34:24+05:30 isis snowflake-proxy[2251]: 2026/04/09 03:04:24 In the last 1h0m0s, there were 28 connections. Traffic Relayed ↑ 3818 KB, ↓ 74 KB.
2026-04-09T09:09:49+05:30 isis systemd[1]: Stopping snowflake-proxy.service - snowflake-proxy...
2026-04-09T09:09:49+05:30 isis systemd[1]: snowflake-proxy.service: Deactivated successfully.
2026-04-09T09:09:49+05:30 isis systemd[1]: Stopped snowflake-proxy.service - snowflake-proxy.
2026-04-09T09:09:49+05:30 isis systemd[1]: snowflake-proxy.service: Consumed 1h 41min 20.559s CPU time, 2G memory peak.
-- Boot 5119f43befb54d62a9489030d5903217 --
2026-04-09T09:10:18+05:30 isis systemd[1]: Started snowflake-proxy.service - snowflake-proxy.
2026-04-09T09:10:18+05:30 isis snowflake-proxy[2259]: 2026/04/09 03:40:18 Proxy starting
2026-04-09T09:10:39+05:30 isis snowflake-proxy[2259]: 2026/04/09 03:40:39 NAT type: restricted
2026-04-09T10:10:18+05:30 isis snowflake-proxy[2259]: 2026/04/09 04:40:18 In the last 1h0m0s, there were 41 connections. Traffic Relayed ↑ 3488 KB, ↓ 417 KB.
2026-04-09T11:10:18+05:30 isis snowflake-proxy[2259]: 2026/04/09 05:40:18 In the last 1h0m0s, there were 44 connections. Traffic Relayed ↑ 2660 KB, ↓ 438 KB.
2026-04-09T12:10:18+05:30 isis snowflake-proxy[2259]: 2026/04/09 06:40:18 In the last 1h0m0s, there were 53 connections. Traffic Relayed ↑ 6936 KB, ↓ 709 KB.
2026-04-09T13:10:18+05:30 isis snowflake-proxy[2259]: 2026/04/09 07:40:18 In the last 1h0m0s, there were 23 connections. Traffic Relayed ↑ 5137 KB, ↓ 535 KB.
2026-04-09T14:10:18+05:30 isis snowflake-proxy[2259]: 2026/04/09 08:40:18 In the last 1h0m0s, there were 5 connections. Traffic Relayed ↑ 2759 KB, ↓ 152 KB.
2026-04-09T15:10:18+05:30 isis snowflake-proxy[2259]: 2026/04/09 09:40:18 In the last 1h0m0s, there were 13 connections. Traffic Relayed ↑ 84949 KB, ↓ 45 KB.
2026-04-09T16:10:18+05:30 isis snowflake-proxy[2259]: 2026/04/09 10:40:18 In the last 1h0m0s, there were 30 connections. Traffic Relayed ↑ 7894 KB, ↓ 988 KB.
2026-04-09T16:27:38+05:30 isis snowflake-proxy[2259]: mux ERROR: 2026/04/09 16:27:38 mux: ending readLoop dispatch error io: read/write on closed pipe
2026-04-09T17:10:18+05:30 isis snowflake-proxy[2259]: 2026/04/09 11:40:18 In the last 1h0m0s, there were 29 connections. Traffic Relayed ↑ 59579 KB, ↓ 5187 KB.
2026-04-09T18:10:18+05:30 isis snowflake-proxy[2259]: 2026/04/09 12:40:18 In the last 1h0m0s, there were 56 connections. Traffic Relayed ↑ 1289943 KB, ↓ 77495 KB.
2026-04-09T19:10:18+05:30 isis snowflake-proxy[2259]: 2026/04/09 13:40:18 In the last 1h0m0s, there were 49 connections. Traffic Relayed ↑ 23376 KB, ↓ 1618 KB.
2026-04-09T20:10:18+05:30 isis snowflake-proxy[2259]: 2026/04/09 14:40:18 In the last 1h0m0s, there were 37 connections. Traffic Relayed ↑ 28987 KB, ↓ 4013 KB.
2026-04-09T21:10:18+05:30 isis snowflake-proxy[2259]: 2026/04/09 15:40:18 In the last 1h0m0s, there were 26 connections. Traffic Relayed ↑ 10048 KB, ↓ 743 KB.
2026-04-09T22:10:18+05:30 isis snowflake-proxy[2259]: 2026/04/09 16:40:18 In the last 1h0m0s, there were 22 connections. Traffic Relayed ↑ 11130 KB, ↓ 237 KB.
2026-04-09T23:10:18+05:30 isis snowflake-proxy[2259]: 2026/04/09 17:40:18 In the last 1h0m0s, there were 20 connections. Traffic Relayed ↑ 705 KB, ↓ 46 KB.
2026-04-10T00:10:18+05:30 isis snowflake-proxy[2259]: 2026/04/09 18:40:18 In the last 1h0m0s, there were 26 connections. Traffic Relayed ↑ 12702 KB, ↓ 1121 KB.
2026-04-10T01:10:18+05:30 isis snowflake-proxy[2259]: 2026/04/09 19:40:18 In the last 1h0m0s, there were 17 connections. Traffic Relayed ↑ 294540 KB, ↓ 2452 KB.
2026-04-10T02:10:18+05:30 isis snowflake-proxy[2259]: 2026/04/09 20:40:18 In the last 1h0m0s, there were 10 connections. Traffic Relayed ↑ 40106 KB, ↓ 299 KB.
2026-04-10T03:10:18+05:30 isis snowflake-proxy[2259]: 2026/04/09 21:40:18 In the last 1h0m0s, there were 14 connections. Traffic Relayed ↑ 27159 KB, ↓ 114 KB.
2026-04-10T04:10:18+05:30 isis snowflake-proxy[2259]: 2026/04/09 22:40:18 In the last 1h0m0s, there were 14 connections. Traffic Relayed ↑ 369894 KB, ↓ 15626 KB.
2026-04-10T05:10:18+05:30 isis snowflake-proxy[2259]: 2026/04/09 23:40:18 In the last 1h0m0s, there were 28 connections. Traffic Relayed ↑ 109418 KB, ↓ 5790 KB.
2026-04-10T06:10:18+05:30 isis snowflake-proxy[2259]: 2026/04/10 00:40:18 In the last 1h0m0s, there were 26 connections. Traffic Relayed ↑ 2418 KB, ↓ 127 KB.
2026-04-10T07:10:18+05:30 isis snowflake-proxy[2259]: 2026/04/10 01:40:18 In the last 1h0m0s, there were 16 connections. Traffic Relayed ↑ 3163 KB, ↓ 26 KB.
2026-04-10T08:10:18+05:30 isis snowflake-proxy[2259]: 2026/04/10 02:40:18 In the last 1h0m0s, there were 17 connections. Traffic Relayed ↑ 370 KB, ↓ 76 KB.
2026-04-10T09:10:18+05:30 isis snowflake-proxy[2259]: 2026/04/10 03:40:18 In the last 1h0m0s, there were 13 connections. Traffic Relayed ↑ 754 KB, ↓ 161 KB.
2026-04-10T10:10:18+05:30 isis snowflake-proxy[2259]: 2026/04/10 04:40:18 In the last 1h0m0s, there were 30 connections. Traffic Relayed ↑ 8422 KB, ↓ 264 KB.
2026-04-10T11:10:18+05:30 isis snowflake-proxy[2259]: 2026/04/10 05:40:18 In the last 1h0m0s, there were 29 connections. Traffic Relayed ↑ 2668 KB, ↓ 162 KB.
2026-04-10T12:10:18+05:30 isis snowflake-proxy[2259]: 2026/04/10 06:40:18 In the last 1h0m0s, there were 41 connections. Traffic Relayed ↑ 8776 KB, ↓ 370 KB.
2026-04-10T13:10:18+05:30 isis snowflake-proxy[2259]: 2026/04/10 07:40:18 In the last 1h0m0s, there were 21 connections. Traffic Relayed ↑ 130896 KB, ↓ 6138 KB.
2026-04-10T14:10:18+05:30 isis snowflake-proxy[2259]: 2026/04/10 08:40:18 In the last 1h0m0s, there were 17 connections. Traffic Relayed ↑ 35892 KB, ↓ 2359 KB.
2026-04-10T15:10:18+05:30 isis snowflake-proxy[2259]: 2026/04/10 09:40:18 In the last 1h0m0s, there were 17 connections. Traffic Relayed ↑ 19165 KB, ↓ 57 KB.
2026-04-10T16:10:18+05:30 isis snowflake-proxy[2259]: 2026/04/10 10:40:18 In the last 1h0m0s, there were 20 connections. Traffic Relayed ↑ 93703 KB, ↓ 89 KB.
2026-04-10T17:10:18+05:30 isis snowflake-proxy[2259]: 2026/04/10 11:40:18 In the last 1h0m0s, there were 22 connections. Traffic Relayed ↑ 13586 KB, ↓ 695 KB.
2026-04-10T18:10:18+05:30 isis snowflake-proxy[2259]: 2026/04/10 12:40:18 In the last 1h0m0s, there were 34 connections. Traffic Relayed ↑ 45924 KB, ↓ 335 KB.
2026-04-10T19:10:18+05:30 isis snowflake-proxy[2259]: 2026/04/10 13:40:18 In the last 1h0m0s, there were 36 connections. Traffic Relayed ↑ 36527 KB, ↓ 11404 KB.
2026-04-10T20:10:18+05:30 isis snowflake-proxy[2259]: 2026/04/10 14:40:18 In the last 1h0m0s, there were 20 connections. Traffic Relayed ↑ 2185 KB, ↓ 96 KB.
2026-04-10T21:10:18+05:30 isis snowflake-proxy[2259]: 2026/04/10 15:40:18 In the last 1h0m0s, there were 16 connections. Traffic Relayed ↑ 143341 KB, ↓ 3244 KB.
2026-04-10T22:10:18+05:30 isis snowflake-proxy[2259]: 2026/04/10 16:40:18 In the last 1h0m0s, there were 21 connections. Traffic Relayed ↑ 89363 KB, ↓ 430 KB.
2026-04-10T23:10:18+05:30 isis snowflake-proxy[2259]: 2026/04/10 17:40:18 In the last 1h0m0s, there were 29 connections. Traffic Relayed ↑ 151314 KB, ↓ 2288 KB.
2026-04-11T00:10:18+05:30 isis snowflake-proxy[2259]: 2026/04/10 18:40:18 In the last 1h0m0s, there were 38 connections. Traffic Relayed ↑ 13296 KB, ↓ 2347 KB.
2026-04-11T01:10:18+05:30 isis snowflake-proxy[2259]: 2026/04/10 19:40:18 In the last 1h0m0s, there were 33 connections. Traffic Relayed ↑ 19643 KB, ↓ 1333 KB.
2026-04-11T02:10:18+05:30 isis snowflake-proxy[2259]: 2026/04/10 20:40:18 In the last 1h0m0s, there were 16 connections. Traffic Relayed ↑ 1928 KB, ↓ 299 KB.
2026-04-11T03:10:18+05:30 isis snowflake-proxy[2259]: 2026/04/10 21:40:18 In the last 1h0m0s, there were 30 connections. Traffic Relayed ↑ 212904 KB, ↓ 12928 KB.
2026-04-11T04:10:18+05:30 isis snowflake-proxy[2259]: 2026/04/10 22:40:18 In the last 1h0m0s, there were 11 connections. Traffic Relayed ↑ 1660 KB, ↓ 18 KB.
2026-04-11T05:10:18+05:30 isis snowflake-proxy[2259]: 2026/04/10 23:40:18 In the last 1h0m0s, there were 14 connections. Traffic Relayed ↑ 91422 KB, ↓ 2606 KB.
2026-04-11T06:10:18+05:30 isis snowflake-proxy[2259]: 2026/04/11 00:40:18 In the last 1h0m0s, there were 18 connections. Traffic Relayed ↑ 3446 KB, ↓ 221 KB.
2026-04-11T07:10:18+05:30 isis snowflake-proxy[2259]: 2026/04/11 01:40:18 In the last 1h0m0s, there were 26 connections. Traffic Relayed ↑ 17782 KB, ↓ 2179 KB.
2026-04-11T08:10:18+05:30 isis snowflake-proxy[2259]: 2026/04/11 02:40:18 In the last 1h0m0s, there were 20 connections. Traffic Relayed ↑ 750 KB, ↓ 40 KB.
2026-04-11T09:10:18+05:30 isis snowflake-proxy[2259]: 2026/04/11 03:40:18 In the last 1h0m0s, there were 40 connections. Traffic Relayed ↑ 58608 KB, ↓ 2917 KB.
2026-04-11T10:10:18+05:30 isis snowflake-proxy[2259]: 2026/04/11 04:40:18 In the last 1h0m0s, there were 18 connections. Traffic Relayed ↑ 6690 KB, ↓ 441 KB.
2026-04-11T11:10:18+05:30 isis snowflake-proxy[2259]: 2026/04/11 05:40:18 In the last 1h0m0s, there were 23 connections. Traffic Relayed ↑ 26020 KB, ↓ 658 KB.
2026-04-11T12:10:18+05:30 isis snowflake-proxy[2259]: 2026/04/11 06:40:18 In the last 1h0m0s, there were 36 connections. Traffic Relayed ↑ 2879 KB, ↓ 290 KB.
2026-04-11T13:10:18+05:30 isis snowflake-proxy[2259]: 2026/04/11 07:40:18 In the last 1h0m0s, there were 41 connections. Traffic Relayed ↑ 6782 KB, ↓ 119 KB.
2026-04-11T14:10:18+05:30 isis snowflake-proxy[2259]: 2026/04/11 08:40:18 In the last 1h0m0s, there were 39 connections. Traffic Relayed ↑ 18456 KB, ↓ 274 KB.
2026-04-11T15:10:18+05:30 isis snowflake-proxy[2259]: 2026/04/11 09:40:18 In the last 1h0m0s, there were 33 connections. Traffic Relayed ↑ 189025 KB, ↓ 714 KB.
2026-04-11T16:10:18+05:30 isis snowflake-proxy[2259]: 2026/04/11 10:40:18 In the last 1h0m0s, there were 32 connections. Traffic Relayed ↑ 14630 KB, ↓ 465 KB.
2026-04-11T17:10:18+05:30 isis snowflake-proxy[2259]: 2026/04/11 11:40:18 In the last 1h0m0s, there were 36 connections. Traffic Relayed ↑ 79676 KB, ↓ 3848 KB.
2026-04-11T18:10:18+05:30 isis snowflake-proxy[2259]: 2026/04/11 12:40:18 In the last 1h0m0s, there were 37 connections. Traffic Relayed ↑ 41899 KB, ↓ 3306 KB.
2026-04-11T19:10:18+05:30 isis snowflake-proxy[2259]: 2026/04/11 13:40:18 In the last 1h0m0s, there were 31 connections. Traffic Relayed ↑ 23981 KB, ↓ 122 KB.
2026-04-11T20:10:18+05:30 isis snowflake-proxy[2259]: 2026/04/11 14:40:18 In the last 1h0m0s, there were 31 connections. Traffic Relayed ↑ 105567 KB, ↓ 313 KB.
2026-04-11T21:10:18+05:30 isis snowflake-proxy[2259]: 2026/04/11 15:40:18 In the last 1h0m0s, there were 28 connections. Traffic Relayed ↑ 36554 KB, ↓ 253 KB.
2026-04-11T22:10:18+05:30 isis snowflake-proxy[2259]: 2026/04/11 16:40:18 In the last 1h0m0s, there were 21 connections. Traffic Relayed ↑ 2310 KB, ↓ 97 KB.
2026-04-11T23:10:18+05:30 isis snowflake-proxy[2259]: 2026/04/11 17:40:18 In the last 1h0m0s, there were 36 connections. Traffic Relayed ↑ 49593 KB, ↓ 2600 KB.
