==== WEEK 2026-03-08 ====
Connections: 1262
Upload: 22.7769 GB
Download: 1.51038 GB
Total Traffic: 24.28728 GB
Active hours: 129
Avg connections/hour: 9.78294573643410852713

==== WEEK 2026-03-15 ====
Connections: 1795
Upload: 26.6433 GB
Download: 1.598 GB
Total Traffic: 28.2413 GB
Active hours: 160
Avg connections/hour: 11.21875000000000000000

==== WEEK 2026-03-22 ====
Connections: 1723
Upload: 20.9317 GB
Download: 1.89079 GB
Total Traffic: 22.82249 GB
Active hours: 147
Avg connections/hour: 11.72108843537414965986

==== WEEK 2026-03-29 ====
Connections: 1861
Upload: 8.37566 GB
Download: 0.764156 GB
Total Traffic: 9.139816 GB
Active hours: 157
Avg connections/hour: 11.85350318471337579617

==== WEEK 2026-04-01 ====
Connections: 1897
Upload: 3.40694 GB
Download: 0.428402 GB
Total Traffic: 3.835342 GB
Active hours: 161
Avg connections/hour: 11.78260869565217391304

==== WEEK 2026-04-05 ====
Connections: 1922
Upload: 10.4473 GB
Download: 0.38962 GB
Total Traffic: 10.83692 GB
Active hours: 167
Avg connections/hour: 11.50898203592814371257

==== WEEK 2026-04-12 ====
Connections: 1914
Upload: 14.2735 GB
Download: 0.488194 GB
Total Traffic: 14.761694 GB
Active hours: 167
Avg connections/hour: 11.46107784431137724550

==== WEEK 2026-04-19 ====
Connections: 1945
Upload: 12.8032 GB
Download: 0.452619 GB
Total Traffic: 13.255819 GB
Active hours: 167
Avg connections/hour: 11.64670658682634730538

==== WEEK 2026-04-26 ====
Connections: 1896
Upload: 17.9068 GB
Download: 1.38523 GB
Total Traffic: 19.29203 GB
Active hours: 165
Avg connections/hour: 11.49090909090909090909

==== WEEK 2026-05-01 ====
Connections: 1901
Upload: 1.23018 GB
Download: 2.01973 GB
Total Traffic: 3.24991 GB
Active hours: 164
Avg connections/hour: 11.59146341463414634146

==== WEEK 2026-05-03 ====
Connections: 1919
Upload: 0.207649 GB
Download: 1.84403 GB
Total Traffic: 2.051679 GB
Active hours: 166
Avg connections/hour: 11.56024096385542168674

==== WEEK 2026-05-10 ====
Connections: 1939
Upload: 0.21497 GB
Download: 2.00036 GB
Total Traffic: 2.21533 GB
Active hours: 168
Avg connections/hour: 11.54166666666666666666

