==== MONTH 2026-03-08 ====
Connections: 4167
Upload: 45.4697 GB
Download: 3.22593 GB
Total Traffic: 48.69563 GB
Active hours: 398
Avg connections/hour: 10.46984924623115577889

==== MONTH 2026-03-15 ====
Connections: 5625
Upload: 69.4741 GB
Download: 4.58049 GB
Total Traffic: 74.05459 GB
Active hours: 527
Avg connections/hour: 10.67362428842504743833

==== MONTH 2026-03-22 ====
Connections: 1723
Upload: 20.9317 GB
Download: 1.89079 GB
Total Traffic: 22.82249 GB
Active hours: 147
Avg connections/hour: 11.72108843537414965986

==== MONTH 2026-03-29 ====
Connections: 3584
Upload: 29.3074 GB
Download: 2.65495 GB
Total Traffic: 31.96235 GB
Active hours: 304
Avg connections/hour: 11.78947368421052631578

==== MONTH 2026-04-01 ====
Connections: 4412
Upload: 30.5385 GB
Download: 2.8045 GB
Total Traffic: 33.3430 GB
Active hours: 376
Avg connections/hour: 11.73404255319148936170

==== MONTH 2026-04-05 ====
Connections: 5506
Upload: 39.7546 GB
Download: 3.04457 GB
Total Traffic: 42.79917 GB
Active hours: 471
Avg connections/hour: 11.69002123142250530785

==== MONTH 2026-04-12 ====
Connections: 7420
Upload: 54.0281 GB
Download: 3.53277 GB
Total Traffic: 57.56087 GB
Active hours: 638
Avg connections/hour: 11.63009404388714733542

==== MONTH 2026-04-19 ====
Connections: 8296
Upload: 52.7131 GB
Download: 2.75689 GB
Total Traffic: 55.46999 GB
Active hours: 711
Avg connections/hour: 11.66807313642756680731

==== MONTH 2026-04-26 ====
Connections: 8320
Upload: 55.9076 GB
Download: 2.83901 GB
Total Traffic: 58.74661 GB
Active hours: 719
Avg connections/hour: 11.57162726008344923504

==== MONTH 2026-05-01 ====
Connections: 8377
Upload: 54.6062 GB
Download: 3.79669 GB
Total Traffic: 58.40289 GB
Active hours: 724
Avg connections/hour: 11.57044198895027624309

==== MONTH 2026-05-03 ====
Connections: 8359
Upload: 53.0175 GB
Download: 4.34867 GB
Total Traffic: 57.36617 GB
Active hours: 723
Avg connections/hour: 11.56154910096818810511

==== MONTH 2026-05-10 ====
Connections: 8376
Upload: 35.1259 GB
Download: 5.85641 GB
Total Traffic: 40.98231 GB
Active hours: 724
Avg connections/hour: 11.56906077348066298342

