Jun 10 06:08:57 mac systemd[1]: /etc/systemd/system/snowflake.service:10: Special user nobody configured, this is not safe!
Jun 10 06:09:08 mac systemd[1]: Started Tor Snowflake Proxy.
Jun 10 06:09:08 mac snowflake-proxy[1236]: 2026/06/10 06:09:08 Using geoip file  /usr/share/tor/geoip  with checksum e03b41645f6d60856019b0d4ba4e36575be4368d
Jun 10 06:09:08 mac snowflake-proxy[1236]: 2026/06/10 06:09:08 Loaded  382976  entries into table
Jun 10 06:09:08 mac snowflake-proxy[1236]: 2026/06/10 06:09:08 Using geoip file  /usr/share/tor/geoip6  with checksum 7a4c72a041c9b9385f016760a4b8a3f8af0bf5a8
Jun 10 06:09:08 mac snowflake-proxy[1236]: 2026/06/10 06:09:08 Loaded  299363  entries into table
Jun 10 06:09:08 mac snowflake-proxy[1236]: 2026/06/10 00:39:08 Proxy starting
Jun 10 06:09:08 mac snowflake-proxy[1236]: 2026/06/10 00:39:08 NAT type: unknown
Jun 10 07:09:08 mac snowflake-proxy[1236]: 2026/06/10 01:39:08 In the last 1h0m0s, there were 28 completed successful connections. Traffic Relayed ↓ 6071 KB (1.69 KB/s), ↑ 1968 KB (0.55 KB/s).
Jun 10 08:09:08 mac snowflake-proxy[1236]: 2026/06/10 02:39:08 In the last 1h0m0s, there were 32 completed successful connections. Traffic Relayed ↓ 5549 KB (1.54 KB/s), ↑ 2139 KB (0.59 KB/s).
Jun 10 09:09:08 mac snowflake-proxy[1236]: 2026/06/10 03:39:08 In the last 1h0m0s, there were 31 completed successful connections. Traffic Relayed ↓ 99042 KB (27.51 KB/s), ↑ 12531 KB (3.48 KB/s).
Jun 10 10:09:08 mac snowflake-proxy[1236]: 2026/06/10 04:39:08 In the last 1h0m0s, there were 23 completed successful connections. Traffic Relayed ↓ 173471 KB (48.19 KB/s), ↑ 24424 KB (6.78 KB/s).
Jun 10 11:09:08 mac snowflake-proxy[1236]: 2026/06/10 05:39:08 In the last 1h0m0s, there were 13 completed successful connections. Traffic Relayed ↓ 53847 KB (14.96 KB/s), ↑ 12779 KB (3.55 KB/s).
Jun 10 12:09:08 mac snowflake-proxy[1236]: 2026/06/10 06:39:08 In the last 1h0m0s, there were 27 completed successful connections. Traffic Relayed ↓ 91945 KB (25.54 KB/s), ↑ 10207 KB (2.84 KB/s).
Jun 10 13:09:04 mac snowflake-proxy[1236]: 2026/06/10 07:39:04 In the last 1h0m0s, there were 39 completed successful connections. Traffic Relayed ↓ 52796 KB (14.67 KB/s), ↑ 7700 KB (2.14 KB/s).
Jun 10 14:09:07 mac snowflake-proxy[1236]: 2026/06/10 08:39:07 In the last 1h0m0s, there were 23 completed successful connections. Traffic Relayed ↓ 7085 KB (1.97 KB/s), ↑ 2302 KB (0.64 KB/s).
Jun 10 15:09:07 mac snowflake-proxy[1236]: 2026/06/10 09:39:07 In the last 1h0m0s, there were 37 completed successful connections. Traffic Relayed ↓ 58475 KB (16.24 KB/s), ↑ 11233 KB (3.12 KB/s).
Jun 10 16:09:08 mac snowflake-proxy[1236]: 2026/06/10 10:39:08 In the last 1h0m0s, there were 31 completed successful connections. Traffic Relayed ↓ 3200 KB (0.89 KB/s), ↑ 3128 KB (0.87 KB/s).
Jun 10 17:09:08 mac snowflake-proxy[1236]: 2026/06/10 11:39:08 In the last 1h0m0s, there were 40 completed successful connections. Traffic Relayed ↓ 11081 KB (3.08 KB/s), ↑ 5795 KB (1.61 KB/s).
Jun 10 17:32:17 mac systemd[1]: Stopping Tor Snowflake Proxy...
Jun 10 17:32:17 mac systemd[1]: snowflake.service: Deactivated successfully.
Jun 10 17:32:17 mac systemd[1]: Stopped Tor Snowflake Proxy.
Jun 10 17:32:17 mac systemd[1]: snowflake.service: Consumed 13min 1.256s CPU time over 11h 23min 8.977s wall clock time, 320M memory peak.
-- Boot 543afb033f6042969de02eb2e450f83b --
Jun 10 17:49:53 mac systemd[1]: /etc/systemd/system/snowflake.service:10: Special user nobody configured, this is not safe!
Jun 10 17:50:02 mac systemd[1]: Started Tor Snowflake Proxy.
Jun 10 17:50:02 mac snowflake-proxy[1237]: 2026/06/10 17:50:02 Using geoip file  /usr/share/tor/geoip  with checksum e03b41645f6d60856019b0d4ba4e36575be4368d
Jun 10 17:50:02 mac snowflake-proxy[1237]: 2026/06/10 17:50:02 Loaded  382976  entries into table
Jun 10 17:50:02 mac snowflake-proxy[1237]: 2026/06/10 17:50:02 Using geoip file  /usr/share/tor/geoip6  with checksum 7a4c72a041c9b9385f016760a4b8a3f8af0bf5a8
Jun 10 17:50:02 mac snowflake-proxy[1237]: 2026/06/10 17:50:02 Loaded  299363  entries into table
Jun 10 17:50:02 mac snowflake-proxy[1237]: 2026/06/10 12:20:02 Proxy starting
Jun 10 17:50:37 mac snowflake-proxy[1237]: 2026/06/10 12:20:37 NAT type: restricted
Jun 10 18:50:02 mac snowflake-proxy[1237]: 2026/06/10 13:20:02 In the last 1h0m0s, there were 31 completed successful connections. Traffic Relayed ↓ 48457 KB (13.46 KB/s), ↑ 7039 KB (1.96 KB/s).
Jun 10 19:50:02 mac snowflake-proxy[1237]: 2026/06/10 14:20:02 In the last 1h0m0s, there were 15 completed successful connections. Traffic Relayed ↓ 141950 KB (39.43 KB/s), ↑ 21787 KB (6.05 KB/s).
Jun 10 20:00:16 mac systemd[1]: Stopping Tor Snowflake Proxy...
Jun 10 20:00:16 mac systemd[1]: snowflake.service: Deactivated successfully.
Jun 10 20:00:16 mac systemd[1]: Stopped Tor Snowflake Proxy.
Jun 10 20:00:16 mac systemd[1]: snowflake.service: Consumed 3min 34.305s CPU time over 2h 10min 13.869s wall clock time, 309.8M memory peak.
