Jun 16 06:34:36 mac systemd[1]: /etc/systemd/system/snowflake.service:10: Special user nobody configured, this is not safe!
Jun 16 06:34:45 mac systemd[1]: Started Tor Snowflake Proxy.
Jun 16 06:34:45 mac snowflake-proxy[1248]: 2026/06/16 06:34:45 Using geoip file  /usr/share/tor/geoip  with checksum e03b41645f6d60856019b0d4ba4e36575be4368d
Jun 16 06:34:45 mac snowflake-proxy[1248]: 2026/06/16 06:34:45 Loaded  382976  entries into table
Jun 16 06:34:45 mac snowflake-proxy[1248]: 2026/06/16 06:34:45 Using geoip file  /usr/share/tor/geoip6  with checksum 7a4c72a041c9b9385f016760a4b8a3f8af0bf5a8
Jun 16 06:34:45 mac snowflake-proxy[1248]: 2026/06/16 06:34:45 Loaded  299363  entries into table
Jun 16 06:34:45 mac snowflake-proxy[1248]: 2026/06/16 01:04:45 Proxy starting
Jun 16 06:35:07 mac snowflake-proxy[1248]: 2026/06/16 01:05:07 NAT type: restricted
Jun 16 07:34:45 mac snowflake-proxy[1248]: 2026/06/16 02:04:45 In the last 1h0m0s, there were 25 completed successful connections. Traffic Relayed ↓ 25700 KB (7.14 KB/s), ↑ 3408 KB (0.95 KB/s).
Jun 16 08:34:45 mac snowflake-proxy[1248]: 2026/06/16 03:04:45 In the last 1h0m0s, there were 23 completed successful connections. Traffic Relayed ↓ 22773 KB (6.33 KB/s), ↑ 6255 KB (1.74 KB/s).
Jun 16 09:34:45 mac snowflake-proxy[1248]: 2026/06/16 04:04:45 In the last 1h0m0s, there were 26 completed successful connections. Traffic Relayed ↓ 58140 KB (16.15 KB/s), ↑ 27135 KB (7.54 KB/s).
Jun 16 10:34:45 mac snowflake-proxy[1248]: 2026/06/16 05:04:45 In the last 1h0m0s, there were 14 completed successful connections. Traffic Relayed ↓ 3156 KB (0.88 KB/s), ↑ 1206 KB (0.34 KB/s).
Jun 16 11:34:45 mac snowflake-proxy[1248]: 2026/06/16 06:04:45 In the last 1h0m0s, there were 49 completed successful connections. Traffic Relayed ↓ 56822 KB (15.78 KB/s), ↑ 18151 KB (5.04 KB/s).
Jun 16 12:34:45 mac snowflake-proxy[1248]: 2026/06/16 07:04:45 In the last 1h0m0s, there were 19 completed successful connections. Traffic Relayed ↓ 41294 KB (11.47 KB/s), ↑ 6222 KB (1.73 KB/s).
Jun 16 13:34:45 mac snowflake-proxy[1248]: 2026/06/16 08:04:45 In the last 1h0m0s, there were 24 completed successful connections. Traffic Relayed ↓ 10108 KB (2.81 KB/s), ↑ 4142 KB (1.15 KB/s).
Jun 16 14:34:45 mac snowflake-proxy[1248]: 2026/06/16 09:04:45 In the last 1h0m0s, there were 33 completed successful connections. Traffic Relayed ↓ 16809 KB (4.67 KB/s), ↑ 4278 KB (1.19 KB/s).
Jun 16 15:34:45 mac snowflake-proxy[1248]: 2026/06/16 10:04:45 In the last 1h0m0s, there were 45 completed successful connections. Traffic Relayed ↓ 41715 KB (11.59 KB/s), ↑ 10592 KB (2.94 KB/s).
Jun 16 16:05:31 mac systemd[1]: /etc/systemd/system/snowflake.service:10: Special user nobody configured, this is not safe!
Jun 16 16:26:14 mac systemd[1]: /etc/systemd/system/snowflake.service:10: Special user nobody configured, this is not safe!
Jun 16 16:34:45 mac snowflake-proxy[1248]: 2026/06/16 11:04:45 In the last 1h0m0s, there were 30 completed successful connections. Traffic Relayed ↓ 15462 KB (4.29 KB/s), ↑ 7157 KB (1.99 KB/s).
Jun 16 17:19:01 mac systemd[1]: Stopping Tor Snowflake Proxy...
Jun 16 17:19:01 mac systemd[1]: snowflake.service: Deactivated successfully.
Jun 16 17:19:01 mac systemd[1]: Stopped Tor Snowflake Proxy.
Jun 16 17:19:01 mac systemd[1]: snowflake.service: Consumed 6min 29.881s CPU time over 10h 44min 16.598s wall clock time, 302.9M memory peak.
-- Boot 5384003131b942ecb8c92a7b0c61f49d --
Jun 16 17:19:23 mac systemd[1]: /etc/systemd/system/snowflake.service:10: Special user nobody configured, this is not safe!
Jun 16 17:19:32 mac systemd[1]: Started Tor Snowflake Proxy.
Jun 16 17:19:32 mac snowflake-proxy[1434]: 2026/06/16 17:19:32 Using geoip file  /usr/share/tor/geoip  with checksum e03b41645f6d60856019b0d4ba4e36575be4368d
Jun 16 17:19:32 mac snowflake-proxy[1434]: 2026/06/16 17:19:32 Loaded  382976  entries into table
Jun 16 17:19:32 mac snowflake-proxy[1434]: 2026/06/16 17:19:32 Using geoip file  /usr/share/tor/geoip6  with checksum 7a4c72a041c9b9385f016760a4b8a3f8af0bf5a8
Jun 16 17:19:32 mac snowflake-proxy[1434]: 2026/06/16 17:19:32 Loaded  299363  entries into table
Jun 16 17:19:32 mac snowflake-proxy[1434]: 2026/06/16 11:49:32 Proxy starting
Jun 16 17:20:00 mac snowflake-proxy[1434]: 2026/06/16 11:50:00 NAT type: restricted
Jun 16 18:19:33 mac snowflake-proxy[1434]: 2026/06/16 12:49:33 In the last 1h0m0s, there were 25 completed successful connections. Traffic Relayed ↓ 8707 KB (2.42 KB/s), ↑ 2650 KB (0.74 KB/s).
Jun 16 19:19:33 mac snowflake-proxy[1434]: 2026/06/16 13:49:33 In the last 1h0m0s, there were 22 completed successful connections. Traffic Relayed ↓ 12255 KB (3.40 KB/s), ↑ 4135 KB (1.15 KB/s).
Jun 16 20:19:33 mac snowflake-proxy[1434]: 2026/06/16 14:49:33 In the last 1h0m0s, there were 29 completed successful connections. Traffic Relayed ↓ 64764 KB (17.99 KB/s), ↑ 13571 KB (3.77 KB/s).
Jun 16 21:19:33 mac snowflake-proxy[1434]: 2026/06/16 15:49:33 In the last 1h0m0s, there were 35 completed successful connections. Traffic Relayed ↓ 49156 KB (13.65 KB/s), ↑ 7479 KB (2.08 KB/s).
Jun 16 22:14:05 mac systemd[1]: Stopping Tor Snowflake Proxy...
Jun 16 22:14:05 mac systemd[1]: snowflake.service: Deactivated successfully.
Jun 16 22:14:05 mac systemd[1]: Stopped Tor Snowflake Proxy.
Jun 16 22:14:05 mac systemd[1]: snowflake.service: Consumed 5min 19.348s CPU time over 4h 54min 32.308s wall clock time, 289.6M memory peak.
