Jun 05 08:54:07 mac systemd[1]: /etc/systemd/system/snowflake.service:10: Special user nobody configured, this is not safe!
Jun 05 08:54:18 mac systemd[1]: Started Tor Snowflake Proxy.
Jun 05 08:54:18 mac snowflake-proxy[1247]: 2026/06/05 08:54:18 Using geoip file  /usr/share/tor/geoip  with checksum a31b9561511bb83be0ab77095dc33dc59734a37d
Jun 05 08:54:18 mac snowflake-proxy[1247]: 2026/06/05 08:54:18 Loaded  379140  entries into table
Jun 05 08:54:18 mac snowflake-proxy[1247]: 2026/06/05 08:54:18 Using geoip file  /usr/share/tor/geoip6  with checksum 67ffe2bf663b0e8377c954b54ef37d97c73e4410
Jun 05 08:54:18 mac snowflake-proxy[1247]: 2026/06/05 08:54:18 Loaded  298216  entries into table
Jun 05 08:54:18 mac snowflake-proxy[1247]: 2026/06/05 03:24:18 Proxy starting
Jun 05 08:54:18 mac snowflake-proxy[1247]: 2026/06/05 03:24:18 NAT type: unknown
Jun 05 09:54:18 mac snowflake-proxy[1247]: 2026/06/05 04:24:18 In the last 1h0m0s, there were 36 completed successful connections. Traffic Relayed ↓ 68165 KB (18.93 KB/s), ↑ 15870 KB (4.41 KB/s).
Jun 05 10:54:18 mac snowflake-proxy[1247]: 2026/06/05 05:24:18 In the last 1h0m0s, there were 46 completed successful connections. Traffic Relayed ↓ 114934 KB (31.93 KB/s), ↑ 18790 KB (5.22 KB/s).
Jun 05 11:54:18 mac snowflake-proxy[1247]: 2026/06/05 06:24:18 In the last 1h0m0s, there were 10 completed successful connections. Traffic Relayed ↓ 14033 KB (3.90 KB/s), ↑ 4263 KB (1.18 KB/s).
Jun 05 12:54:18 mac snowflake-proxy[1247]: 2026/06/05 07:24:18 In the last 1h0m0s, there were 18 completed successful connections. Traffic Relayed ↓ 77850 KB (21.62 KB/s), ↑ 9745 KB (2.71 KB/s).
Jun 05 13:54:18 mac snowflake-proxy[1247]: 2026/06/05 08:24:18 In the last 1h0m0s, there were 40 completed successful connections. Traffic Relayed ↓ 117388 KB (32.61 KB/s), ↑ 17573 KB (4.88 KB/s).
Jun 05 14:51:56 mac systemd[1]: Stopping Tor Snowflake Proxy...
Jun 05 14:51:56 mac systemd[1]: snowflake.service: Deactivated successfully.
Jun 05 14:51:56 mac systemd[1]: Stopped Tor Snowflake Proxy.
Jun 05 14:51:56 mac systemd[1]: snowflake.service: Consumed 3min 39.380s CPU time over 5h 57min 38.768s wall clock time, 310.2M memory peak.
-- Boot 4e90a5648dc846d3ab3ddff119a4f792 --
Jun 05 15:50:14 mac systemd[1]: /etc/systemd/system/snowflake.service:10: Special user nobody configured, this is not safe!
Jun 05 15:50:25 mac systemd[1]: Started Tor Snowflake Proxy.
Jun 05 15:50:25 mac snowflake-proxy[1223]: 2026/06/05 15:50:25 Using geoip file  /usr/share/tor/geoip  with checksum a31b9561511bb83be0ab77095dc33dc59734a37d
Jun 05 15:50:25 mac snowflake-proxy[1223]: 2026/06/05 15:50:25 Loaded  379140  entries into table
Jun 05 15:50:25 mac snowflake-proxy[1223]: 2026/06/05 15:50:25 Using geoip file  /usr/share/tor/geoip6  with checksum 67ffe2bf663b0e8377c954b54ef37d97c73e4410
Jun 05 15:50:25 mac snowflake-proxy[1223]: 2026/06/05 15:50:25 Loaded  298216  entries into table
Jun 05 15:50:25 mac snowflake-proxy[1223]: 2026/06/05 10:20:25 Proxy starting
Jun 05 15:50:25 mac snowflake-proxy[1223]: 2026/06/05 10:20:25 NAT type: unknown
Jun 05 16:50:25 mac snowflake-proxy[1223]: 2026/06/05 11:20:25 In the last 1h0m0s, there were 35 completed successful connections. Traffic Relayed ↓ 109681 KB (30.47 KB/s), ↑ 28673 KB (7.96 KB/s).
Jun 05 17:50:25 mac snowflake-proxy[1223]: 2026/06/05 12:20:25 In the last 1h0m0s, there were 41 completed successful connections. Traffic Relayed ↓ 97576 KB (27.10 KB/s), ↑ 20511 KB (5.70 KB/s).
Jun 05 18:50:25 mac snowflake-proxy[1223]: 2026/06/05 13:20:25 In the last 1h0m0s, there were 29 completed successful connections. Traffic Relayed ↓ 112794 KB (31.33 KB/s), ↑ 12692 KB (3.53 KB/s).
Jun 05 19:50:25 mac snowflake-proxy[1223]: 2026/06/05 14:20:25 In the last 1h0m0s, there were 49 completed successful connections. Traffic Relayed ↓ 59234 KB (16.45 KB/s), ↑ 10801 KB (3.00 KB/s).
Jun 05 20:12:37 mac systemd[1]: Stopping Tor Snowflake Proxy...
Jun 05 20:12:38 mac systemd[1]: snowflake.service: Deactivated successfully.
Jun 05 20:12:38 mac systemd[1]: Stopped Tor Snowflake Proxy.
Jun 05 20:12:38 mac systemd[1]: snowflake.service: Consumed 2min 50.249s CPU time over 4h 22min 12.808s wall clock time, 301.1M memory peak.
