Jun 21 07:05:39 mac systemd[1]: /etc/systemd/system/snowflake.service:10: Special user nobody configured, this is not safe!
Jun 21 07:05:50 mac systemd[1]: Started Tor Snowflake Proxy.
Jun 21 07:05:50 mac snowflake-proxy[1416]: 2026/06/21 07:05:50 Using geoip file  /usr/share/tor/geoip  with checksum e03b41645f6d60856019b0d4ba4e36575be4368d
Jun 21 07:05:50 mac snowflake-proxy[1416]: 2026/06/21 07:05:50 Loaded  382976  entries into table
Jun 21 07:05:50 mac snowflake-proxy[1416]: 2026/06/21 07:05:50 Using geoip file  /usr/share/tor/geoip6  with checksum 7a4c72a041c9b9385f016760a4b8a3f8af0bf5a8
Jun 21 07:05:50 mac snowflake-proxy[1416]: 2026/06/21 07:05:50 Loaded  299363  entries into table
Jun 21 07:05:50 mac snowflake-proxy[1416]: 2026/06/21 01:35:50 Proxy starting
Jun 21 07:05:50 mac snowflake-proxy[1416]: 2026/06/21 01:35:50 NAT type: unknown
Jun 21 08:05:49 mac snowflake-proxy[1416]: 2026/06/21 02:35:49 In the last 1h0m0s, there were 25 completed successful connections. Traffic Relayed ↓ 17730 KB (4.92 KB/s), ↑ 5628 KB (1.56 KB/s).
Jun 21 09:05:49 mac snowflake-proxy[1416]: 2026/06/21 03:35:49 In the last 1h0m0s, there were 19 completed successful connections. Traffic Relayed ↓ 5540 KB (1.54 KB/s), ↑ 1169 KB (0.32 KB/s).
Jun 21 10:05:49 mac snowflake-proxy[1416]: 2026/06/21 04:35:49 In the last 1h0m0s, there were 37 completed successful connections. Traffic Relayed ↓ 13257 KB (3.68 KB/s), ↑ 6005 KB (1.67 KB/s).
Jun 21 11:05:49 mac snowflake-proxy[1416]: 2026/06/21 05:35:49 In the last 1h0m0s, there were 16 completed successful connections. Traffic Relayed ↓ 40560 KB (11.27 KB/s), ↑ 7903 KB (2.20 KB/s).
Jun 21 12:05:49 mac snowflake-proxy[1416]: 2026/06/21 06:35:49 In the last 1h0m0s, there were 33 completed successful connections. Traffic Relayed ↓ 52438 KB (14.57 KB/s), ↑ 11128 KB (3.09 KB/s).
Jun 21 13:05:49 mac snowflake-proxy[1416]: 2026/06/21 07:35:49 In the last 1h0m0s, there were 20 completed successful connections. Traffic Relayed ↓ 9365 KB (2.60 KB/s), ↑ 1753 KB (0.49 KB/s).
Jun 21 14:05:49 mac snowflake-proxy[1416]: 2026/06/21 08:35:49 In the last 1h0m0s, there were 37 completed successful connections. Traffic Relayed ↓ 88424 KB (24.56 KB/s), ↑ 13237 KB (3.68 KB/s).
Jun 21 15:05:49 mac snowflake-proxy[1416]: 2026/06/21 09:35:49 In the last 1h0m0s, there were 4 completed successful connections. Traffic Relayed ↓ 57911 KB (16.09 KB/s), ↑ 4727 KB (1.31 KB/s).
Jun 21 16:05:49 mac snowflake-proxy[1416]: 2026/06/21 10:35:49 In the last 1h0m0s, there were 12 completed successful connections. Traffic Relayed ↓ 14411 KB (4.00 KB/s), ↑ 2405 KB (0.67 KB/s).
Jun 21 16:26:12 mac systemd[1]: Stopping Tor Snowflake Proxy...
Jun 21 16:26:12 mac systemd[1]: snowflake.service: Deactivated successfully.
Jun 21 16:26:12 mac systemd[1]: Stopped Tor Snowflake Proxy.
Jun 21 16:26:12 mac systemd[1]: snowflake.service: Consumed 8min 1.820s CPU time over 9h 20min 23.010s wall clock time, 290.5M memory peak.
-- Boot 9bc60d397af24f5da180692d40c6674b --
Jun 21 16:52:33 mac systemd[1]: /etc/systemd/system/snowflake.service:10: Special user nobody configured, this is not safe!
Jun 21 16:52:42 mac systemd[1]: Started Tor Snowflake Proxy.
Jun 21 16:52:42 mac snowflake-proxy[1231]: 2026/06/21 16:52:42 Using geoip file  /usr/share/tor/geoip  with checksum e03b41645f6d60856019b0d4ba4e36575be4368d
Jun 21 16:52:42 mac snowflake-proxy[1231]: 2026/06/21 16:52:42 Loaded  382976  entries into table
Jun 21 16:52:42 mac snowflake-proxy[1231]: 2026/06/21 16:52:42 Using geoip file  /usr/share/tor/geoip6  with checksum 7a4c72a041c9b9385f016760a4b8a3f8af0bf5a8
Jun 21 16:52:42 mac snowflake-proxy[1231]: 2026/06/21 16:52:42 Loaded  299363  entries into table
Jun 21 16:52:42 mac snowflake-proxy[1231]: 2026/06/21 11:22:42 Proxy starting
Jun 21 16:53:03 mac snowflake-proxy[1231]: 2026/06/21 11:23:03 NAT type: restricted
Jun 21 17:52:42 mac snowflake-proxy[1231]: 2026/06/21 12:22:42 In the last 1h0m0s, there were 25 completed successful connections. Traffic Relayed ↓ 8451 KB (2.35 KB/s), ↑ 2688 KB (0.75 KB/s).
Jun 21 18:52:42 mac snowflake-proxy[1231]: 2026/06/21 13:22:42 In the last 1h0m0s, there were 22 completed successful connections. Traffic Relayed ↓ 46285 KB (12.86 KB/s), ↑ 4502 KB (1.25 KB/s).
Jun 21 19:52:42 mac snowflake-proxy[1231]: 2026/06/21 14:22:42 In the last 1h0m0s, there were 17 completed successful connections. Traffic Relayed ↓ 75348 KB (20.93 KB/s), ↑ 10447 KB (2.90 KB/s).
Jun 21 20:52:42 mac snowflake-proxy[1231]: 2026/06/21 15:22:42 In the last 1h0m0s, there were 28 completed successful connections. Traffic Relayed ↓ 29277 KB (8.13 KB/s), ↑ 7156 KB (1.99 KB/s).
Jun 21 21:42:38 mac systemd[1]: Stopping Tor Snowflake Proxy...
Jun 21 21:42:38 mac systemd[1]: snowflake.service: Deactivated successfully.
Jun 21 21:42:38 mac systemd[1]: Stopped Tor Snowflake Proxy.
Jun 21 21:42:38 mac systemd[1]: snowflake.service: Consumed 4min 55.513s CPU time over 4h 49min 56.962s wall clock time, 318.2M memory peak.
-- Boot b35507e185a84d5ead3c80894318d3d6 --
Jun 22 10:42:25 mac systemd[1]: /etc/systemd/system/snowflake.service:10: Special user nobody configured, this is not safe!
Jun 22 10:42:35 mac systemd[1]: Started Tor Snowflake Proxy.
Jun 22 10:42:35 mac snowflake-proxy[1244]: 2026/06/22 10:42:35 Using geoip file  /usr/share/tor/geoip  with checksum e03b41645f6d60856019b0d4ba4e36575be4368d
Jun 22 10:42:35 mac snowflake-proxy[1244]: 2026/06/22 10:42:35 Loaded  382976  entries into table
Jun 22 10:42:35 mac snowflake-proxy[1244]: 2026/06/22 10:42:35 Using geoip file  /usr/share/tor/geoip6  with checksum 7a4c72a041c9b9385f016760a4b8a3f8af0bf5a8
Jun 22 10:42:35 mac snowflake-proxy[1244]: 2026/06/22 10:42:35 Loaded  299363  entries into table
Jun 22 10:42:35 mac snowflake-proxy[1244]: 2026/06/22 05:12:35 Proxy starting
Jun 22 10:42:35 mac snowflake-proxy[1244]: 2026/06/22 05:12:35 NAT type: unknown
Jun 22 11:42:35 mac snowflake-proxy[1244]: 2026/06/22 06:12:35 In the last 1h0m0s, there were 22 completed successful connections. Traffic Relayed ↓ 25269 KB (7.02 KB/s), ↑ 8361 KB (2.32 KB/s).
Jun 22 12:42:35 mac snowflake-proxy[1244]: 2026/06/22 07:12:35 In the last 1h0m0s, there were 31 completed successful connections. Traffic Relayed ↓ 45825 KB (12.73 KB/s), ↑ 8905 KB (2.47 KB/s).
Jun 22 13:42:35 mac snowflake-proxy[1244]: 2026/06/22 08:12:35 In the last 1h0m0s, there were 25 completed successful connections. Traffic Relayed ↓ 14714 KB (4.09 KB/s), ↑ 2114 KB (0.59 KB/s).
Jun 22 13:43:21 mac systemd[1]: Stopping Tor Snowflake Proxy...
Jun 22 13:43:21 mac systemd[1]: snowflake.service: Deactivated successfully.
Jun 22 13:43:21 mac systemd[1]: Stopped Tor Snowflake Proxy.
Jun 22 13:43:21 mac systemd[1]: snowflake.service: Consumed 1min 36.105s CPU time over 3h 46.447s wall clock time, 288M memory peak.
-- Boot b864974c9f0b48af86963dec14f2aa6e --
Jun 22 16:05:38 mac systemd[1]: /etc/systemd/system/snowflake.service:10: Special user nobody configured, this is not safe!
Jun 22 16:05:48 mac systemd[1]: Started Tor Snowflake Proxy.
Jun 22 16:05:48 mac snowflake-proxy[1240]: 2026/06/22 16:05:48 Using geoip file  /usr/share/tor/geoip  with checksum e03b41645f6d60856019b0d4ba4e36575be4368d
Jun 22 16:05:48 mac snowflake-proxy[1240]: 2026/06/22 16:05:48 Loaded  382976  entries into table
Jun 22 16:05:48 mac snowflake-proxy[1240]: 2026/06/22 16:05:48 Using geoip file  /usr/share/tor/geoip6  with checksum 7a4c72a041c9b9385f016760a4b8a3f8af0bf5a8
Jun 22 16:05:48 mac snowflake-proxy[1240]: 2026/06/22 16:05:48 Loaded  299363  entries into table
Jun 22 16:05:48 mac snowflake-proxy[1240]: 2026/06/22 10:35:48 Proxy starting
Jun 22 16:05:48 mac snowflake-proxy[1240]: 2026/06/22 10:35:48 NAT type: unknown
Jun 22 16:07:47 mac systemd[1]: Stopping Tor Snowflake Proxy...
Jun 22 16:07:47 mac systemd[1]: snowflake.service: Deactivated successfully.
Jun 22 16:07:47 mac systemd[1]: Stopped Tor Snowflake Proxy.
Jun 22 16:07:47 mac systemd[1]: snowflake.service: Consumed 452ms CPU time over 1min 59.174s wall clock time, 211.8M memory peak.
-- Boot 12327109b685437b8962888645318f13 --
Jun 22 16:08:07 mac systemd[1]: /etc/systemd/system/snowflake.service:10: Special user nobody configured, this is not safe!
Jun 22 16:08:16 mac systemd[1]: Started Tor Snowflake Proxy.
Jun 22 16:08:16 mac snowflake-proxy[1355]: 2026/06/22 16:08:16 Using geoip file  /usr/share/tor/geoip  with checksum e03b41645f6d60856019b0d4ba4e36575be4368d
Jun 22 16:08:16 mac snowflake-proxy[1355]: 2026/06/22 16:08:16 Loaded  382976  entries into table
Jun 22 16:08:16 mac snowflake-proxy[1355]: 2026/06/22 16:08:16 Using geoip file  /usr/share/tor/geoip6  with checksum 7a4c72a041c9b9385f016760a4b8a3f8af0bf5a8
Jun 22 16:08:16 mac snowflake-proxy[1355]: 2026/06/22 16:08:16 Loaded  299363  entries into table
Jun 22 16:08:16 mac snowflake-proxy[1355]: 2026/06/22 10:38:16 Proxy starting
Jun 22 16:08:44 mac snowflake-proxy[1355]: 2026/06/22 10:38:44 NAT type: restricted
Jun 22 17:08:16 mac snowflake-proxy[1355]: 2026/06/22 11:38:16 In the last 1h0m0s, there were 20 completed successful connections. Traffic Relayed ↓ 31578 KB (8.77 KB/s), ↑ 5756 KB (1.60 KB/s).
Jun 22 18:08:16 mac snowflake-proxy[1355]: 2026/06/22 12:38:16 In the last 1h0m0s, there were 35 completed successful connections. Traffic Relayed ↓ 129339 KB (35.93 KB/s), ↑ 12020 KB (3.34 KB/s).
Jun 22 18:12:59 mac systemd[1]: /etc/systemd/system/snowflake.service:10: Special user nobody configured, this is not safe!
Jun 22 19:08:16 mac snowflake-proxy[1355]: 2026/06/22 13:38:16 In the last 1h0m0s, there were 26 completed successful connections. Traffic Relayed ↓ 63136 KB (17.54 KB/s), ↑ 6311 KB (1.75 KB/s).
Jun 22 20:08:16 mac snowflake-proxy[1355]: 2026/06/22 14:38:16 In the last 1h0m0s, there were 29 completed successful connections. Traffic Relayed ↓ 66055 KB (18.35 KB/s), ↑ 7383 KB (2.05 KB/s).
Jun 22 20:51:34 mac systemd[1]: Stopping Tor Snowflake Proxy...
Jun 22 20:51:34 mac systemd[1]: snowflake.service: Deactivated successfully.
Jun 22 20:51:34 mac systemd[1]: Stopped Tor Snowflake Proxy.
Jun 22 20:51:34 mac systemd[1]: snowflake.service: Consumed 3min 43.084s CPU time over 4h 43min 18.692s wall clock time, 313.1M memory peak.
-- Boot 51584de892274031a59c8531389a2e89 --
Jun 23 06:36:54 mac systemd[1]: /etc/systemd/system/snowflake.service:10: Special user nobody configured, this is not safe!
Jun 23 06:37:05 mac systemd[1]: Started Tor Snowflake Proxy.
Jun 23 06:37:05 mac snowflake-proxy[1256]: 2026/06/23 06:37:05 Using geoip file  /usr/share/tor/geoip  with checksum e03b41645f6d60856019b0d4ba4e36575be4368d
Jun 23 06:37:05 mac snowflake-proxy[1256]: 2026/06/23 06:37:05 Loaded  382976  entries into table
Jun 23 06:37:05 mac snowflake-proxy[1256]: 2026/06/23 06:37:05 Using geoip file  /usr/share/tor/geoip6  with checksum 7a4c72a041c9b9385f016760a4b8a3f8af0bf5a8
Jun 23 06:37:05 mac snowflake-proxy[1256]: 2026/06/23 06:37:05 Loaded  299363  entries into table
Jun 23 06:37:05 mac snowflake-proxy[1256]: 2026/06/23 01:07:05 Proxy starting
Jun 23 06:37:05 mac snowflake-proxy[1256]: 2026/06/23 01:07:05 NAT type: unknown
Jun 23 07:37:05 mac snowflake-proxy[1256]: 2026/06/23 02:07:05 In the last 1h0m0s, there were 18 completed successful connections. Traffic Relayed ↓ 33037 KB (9.18 KB/s), ↑ 2456 KB (0.68 KB/s).
Jun 23 08:37:05 mac snowflake-proxy[1256]: 2026/06/23 03:07:05 In the last 1h0m0s, there were 26 completed successful connections. Traffic Relayed ↓ 94280 KB (26.19 KB/s), ↑ 5877 KB (1.63 KB/s).
Jun 23 09:37:05 mac snowflake-proxy[1256]: 2026/06/23 04:07:05 In the last 1h0m0s, there were 19 completed successful connections. Traffic Relayed ↓ 23021 KB (6.39 KB/s), ↑ 6610 KB (1.84 KB/s).
Jun 23 10:37:05 mac snowflake-proxy[1256]: 2026/06/23 05:07:05 In the last 1h0m0s, there were 29 completed successful connections. Traffic Relayed ↓ 2998 KB (0.83 KB/s), ↑ 1911 KB (0.53 KB/s).
Jun 23 11:37:05 mac snowflake-proxy[1256]: 2026/06/23 06:07:05 In the last 1h0m0s, there were 23 completed successful connections. Traffic Relayed ↓ 10519 KB (2.92 KB/s), ↑ 3788 KB (1.05 KB/s).
Jun 23 12:37:05 mac snowflake-proxy[1256]: 2026/06/23 07:07:05 In the last 1h0m0s, there were 31 completed successful connections. Traffic Relayed ↓ 59155 KB (16.43 KB/s), ↑ 12119 KB (3.37 KB/s).
Jun 23 13:37:05 mac snowflake-proxy[1256]: 2026/06/23 08:07:05 In the last 1h0m0s, there were 33 completed successful connections. Traffic Relayed ↓ 23223 KB (6.45 KB/s), ↑ 5817 KB (1.62 KB/s).
Jun 23 14:37:05 mac snowflake-proxy[1256]: 2026/06/23 09:07:05 In the last 1h0m0s, there were 38 completed successful connections. Traffic Relayed ↓ 16219 KB (4.51 KB/s), ↑ 4493 KB (1.25 KB/s).
Jun 23 15:37:05 mac snowflake-proxy[1256]: 2026/06/23 10:07:05 In the last 1h0m0s, there were 38 completed successful connections. Traffic Relayed ↓ 8934 KB (2.48 KB/s), ↑ 5748 KB (1.60 KB/s).
Jun 23 16:37:05 mac snowflake-proxy[1256]: 2026/06/23 11:07:05 In the last 1h0m0s, there were 21 completed successful connections. Traffic Relayed ↓ 4052 KB (1.13 KB/s), ↑ 1347 KB (0.37 KB/s).
Jun 23 17:37:05 mac snowflake-proxy[1256]: 2026/06/23 12:07:05 In the last 1h0m0s, there were 33 completed successful connections. Traffic Relayed ↓ 23884 KB (6.63 KB/s), ↑ 6945 KB (1.93 KB/s).
Jun 23 18:37:05 mac snowflake-proxy[1256]: 2026/06/23 13:07:05 In the last 1h0m0s, there were 39 completed successful connections. Traffic Relayed ↓ 42617 KB (11.84 KB/s), ↑ 7550 KB (2.10 KB/s).
Jun 23 19:37:05 mac snowflake-proxy[1256]: 2026/06/23 14:07:05 In the last 1h0m0s, there were 16 completed successful connections. Traffic Relayed ↓ 18088 KB (5.02 KB/s), ↑ 3904 KB (1.08 KB/s).
Jun 23 20:37:05 mac snowflake-proxy[1256]: 2026/06/23 15:07:05 In the last 1h0m0s, there were 24 completed successful connections. Traffic Relayed ↓ 41484 KB (11.52 KB/s), ↑ 7937 KB (2.20 KB/s).
Jun 23 21:00:06 mac systemd[1]: Stopping Tor Snowflake Proxy...
Jun 23 21:00:06 mac systemd[1]: snowflake.service: Deactivated successfully.
Jun 23 21:00:06 mac systemd[1]: Stopped Tor Snowflake Proxy.
Jun 23 21:00:06 mac systemd[1]: snowflake.service: Consumed 9min 17.034s CPU time over 14h 23min 1.547s wall clock time, 301M memory peak.
-- Boot 399a2388cfbb4469b15dda89102f5c16 --
Jun 24 07:31:27 mac systemd[1]: /etc/systemd/system/snowflake.service:10: Special user nobody configured, this is not safe!
Jun 24 07:31:38 mac systemd[1]: Started Tor Snowflake Proxy.
Jun 24 07:31:38 mac snowflake-proxy[1241]: 2026/06/24 07:31:38 Using geoip file  /usr/share/tor/geoip  with checksum e03b41645f6d60856019b0d4ba4e36575be4368d
Jun 24 07:31:38 mac snowflake-proxy[1241]: 2026/06/24 07:31:38 Loaded  382976  entries into table
Jun 24 07:31:38 mac snowflake-proxy[1241]: 2026/06/24 07:31:38 Using geoip file  /usr/share/tor/geoip6  with checksum 7a4c72a041c9b9385f016760a4b8a3f8af0bf5a8
Jun 24 07:31:38 mac snowflake-proxy[1241]: 2026/06/24 07:31:38 Loaded  299363  entries into table
Jun 24 07:31:38 mac snowflake-proxy[1241]: 2026/06/24 02:01:38 Proxy starting
Jun 24 07:31:38 mac snowflake-proxy[1241]: 2026/06/24 02:01:38 NAT type: unknown
Jun 24 08:31:38 mac snowflake-proxy[1241]: 2026/06/24 03:01:38 In the last 1h0m0s, there were 19 completed successful connections. Traffic Relayed ↓ 14228 KB (3.95 KB/s), ↑ 2708 KB (0.75 KB/s).
Jun 24 09:31:38 mac snowflake-proxy[1241]: 2026/06/24 04:01:38 In the last 1h0m0s, there were 20 completed successful connections. Traffic Relayed ↓ 48162 KB (13.38 KB/s), ↑ 4181 KB (1.16 KB/s).
Jun 24 10:31:38 mac snowflake-proxy[1241]: 2026/06/24 05:01:38 In the last 1h0m0s, there were 22 completed successful connections. Traffic Relayed ↓ 30200 KB (8.39 KB/s), ↑ 2560 KB (0.71 KB/s).
Jun 24 11:31:38 mac snowflake-proxy[1241]: 2026/06/24 06:01:38 In the last 1h0m0s, there were 26 completed successful connections. Traffic Relayed ↓ 16102 KB (4.47 KB/s), ↑ 3686 KB (1.02 KB/s).
Jun 24 12:31:38 mac snowflake-proxy[1241]: 2026/06/24 07:01:38 In the last 1h0m0s, there were 42 completed successful connections. Traffic Relayed ↓ 10554 KB (2.93 KB/s), ↑ 2941 KB (0.82 KB/s).
Jun 24 13:31:38 mac snowflake-proxy[1241]: 2026/06/24 08:01:38 In the last 1h0m0s, there were 27 completed successful connections. Traffic Relayed ↓ 6249 KB (1.74 KB/s), ↑ 2388 KB (0.66 KB/s).
Jun 24 14:31:39 mac snowflake-proxy[1241]: 2026/06/24 09:01:39 In the last 1h0m0s, there were 31 completed successful connections. Traffic Relayed ↓ 5974 KB (1.66 KB/s), ↑ 3479 KB (0.97 KB/s).
Jun 24 15:31:39 mac snowflake-proxy[1241]: 2026/06/24 10:01:39 In the last 1h0m0s, there were 34 completed successful connections. Traffic Relayed ↓ 18069 KB (5.02 KB/s), ↑ 3748 KB (1.04 KB/s).
Jun 24 16:31:39 mac snowflake-proxy[1241]: 2026/06/24 11:01:39 In the last 1h0m0s, there were 31 completed successful connections. Traffic Relayed ↓ 22496 KB (6.25 KB/s), ↑ 4769 KB (1.32 KB/s).
Jun 24 17:31:39 mac snowflake-proxy[1241]: 2026/06/24 12:01:39 In the last 1h0m0s, there were 21 completed successful connections. Traffic Relayed ↓ 13961 KB (3.88 KB/s), ↑ 4024 KB (1.12 KB/s).
Jun 24 18:31:39 mac snowflake-proxy[1241]: 2026/06/24 13:01:39 In the last 1h0m0s, there were 24 completed successful connections. Traffic Relayed ↓ 8056 KB (2.24 KB/s), ↑ 3524 KB (0.98 KB/s).
Jun 24 19:31:38 mac snowflake-proxy[1241]: 2026/06/24 14:01:38 In the last 1h0m0s, there were 35 completed successful connections. Traffic Relayed ↓ 19309 KB (5.36 KB/s), ↑ 4816 KB (1.34 KB/s).
Jun 24 20:15:47 mac systemd[1]: Stopping Tor Snowflake Proxy...
Jun 24 20:15:47 mac systemd[1]: snowflake.service: Deactivated successfully.
Jun 24 20:15:47 mac systemd[1]: Stopped Tor Snowflake Proxy.
Jun 24 20:15:47 mac systemd[1]: snowflake.service: Consumed 8min 24.764s CPU time over 12h 44min 9.185s wall clock time, 300M memory peak.
-- Boot 39cefb81fdfd4f52a0647dcc917f3051 --
Jun 25 07:40:57 mac systemd[1]: /etc/systemd/system/snowflake.service:10: Special user nobody configured, this is not safe!
Jun 25 07:41:08 mac systemd[1]: Started Tor Snowflake Proxy.
Jun 25 07:41:08 mac snowflake-proxy[1256]: 2026/06/25 07:41:08 Using geoip file  /usr/share/tor/geoip  with checksum e03b41645f6d60856019b0d4ba4e36575be4368d
Jun 25 07:41:08 mac snowflake-proxy[1256]: 2026/06/25 07:41:08 Loaded  382976  entries into table
Jun 25 07:41:08 mac snowflake-proxy[1256]: 2026/06/25 07:41:08 Using geoip file  /usr/share/tor/geoip6  with checksum 7a4c72a041c9b9385f016760a4b8a3f8af0bf5a8
Jun 25 07:41:08 mac snowflake-proxy[1256]: 2026/06/25 07:41:08 Loaded  299363  entries into table
Jun 25 07:41:08 mac snowflake-proxy[1256]: 2026/06/25 02:11:08 Proxy starting
Jun 25 07:41:08 mac snowflake-proxy[1256]: 2026/06/25 02:11:08 NAT type: unknown
Jun 25 08:41:08 mac snowflake-proxy[1256]: 2026/06/25 03:11:08 In the last 1h0m0s, there were 17 completed successful connections. Traffic Relayed ↓ 16120 KB (4.48 KB/s), ↑ 2517 KB (0.70 KB/s).
Jun 25 09:41:08 mac snowflake-proxy[1256]: 2026/06/25 04:11:08 In the last 1h0m0s, there were 34 completed successful connections. Traffic Relayed ↓ 75404 KB (20.95 KB/s), ↑ 7957 KB (2.21 KB/s).
Jun 25 10:41:08 mac snowflake-proxy[1256]: 2026/06/25 05:11:08 In the last 1h0m0s, there were 22 completed successful connections. Traffic Relayed ↓ 63173 KB (17.55 KB/s), ↑ 8160 KB (2.27 KB/s).
Jun 25 11:41:09 mac snowflake-proxy[1256]: 2026/06/25 06:11:09 In the last 1h0m0s, there were 22 completed successful connections. Traffic Relayed ↓ 4183 KB (1.16 KB/s), ↑ 1263 KB (0.35 KB/s).
Jun 25 12:41:09 mac snowflake-proxy[1256]: 2026/06/25 07:11:09 In the last 1h0m0s, there were 34 completed successful connections. Traffic Relayed ↓ 26606 KB (7.39 KB/s), ↑ 4556 KB (1.27 KB/s).
Jun 25 13:41:09 mac snowflake-proxy[1256]: 2026/06/25 08:11:09 In the last 1h0m0s, there were 29 completed successful connections. Traffic Relayed ↓ 26655 KB (7.40 KB/s), ↑ 8817 KB (2.45 KB/s).
Jun 25 14:41:09 mac snowflake-proxy[1256]: 2026/06/25 09:11:09 In the last 1h0m0s, there were 24 completed successful connections. Traffic Relayed ↓ 33327 KB (9.26 KB/s), ↑ 10033 KB (2.79 KB/s).
Jun 25 15:41:09 mac snowflake-proxy[1256]: 2026/06/25 10:11:09 In the last 1h0m0s, there were 17 completed successful connections. Traffic Relayed ↓ 27326 KB (7.59 KB/s), ↑ 6533 KB (1.81 KB/s).
Jun 25 16:41:09 mac snowflake-proxy[1256]: 2026/06/25 11:11:09 In the last 1h0m0s, there were 30 completed successful connections. Traffic Relayed ↓ 37720 KB (10.48 KB/s), ↑ 5363 KB (1.49 KB/s).
Jun 25 17:41:09 mac snowflake-proxy[1256]: 2026/06/25 12:11:09 In the last 1h0m0s, there were 20 completed successful connections. Traffic Relayed ↓ 69845 KB (19.40 KB/s), ↑ 6817 KB (1.89 KB/s).
Jun 25 18:41:09 mac snowflake-proxy[1256]: 2026/06/25 13:11:09 In the last 1h0m0s, there were 13 completed successful connections. Traffic Relayed ↓ 82107 KB (22.81 KB/s), ↑ 7589 KB (2.11 KB/s).
Jun 25 19:41:09 mac snowflake-proxy[1256]: 2026/06/25 14:11:09 In the last 1h0m0s, there were 31 completed successful connections. Traffic Relayed ↓ 11104 KB (3.08 KB/s), ↑ 3540 KB (0.98 KB/s).
Jun 25 20:41:09 mac snowflake-proxy[1256]: 2026/06/25 15:11:09 In the last 1h0m0s, there were 37 completed successful connections. Traffic Relayed ↓ 35419 KB (9.84 KB/s), ↑ 5698 KB (1.58 KB/s).
Jun 25 21:26:17 mac systemd[1]: Stopping Tor Snowflake Proxy...
Jun 25 21:26:17 mac systemd[1]: snowflake.service: Deactivated successfully.
Jun 25 21:26:17 mac systemd[1]: Stopped Tor Snowflake Proxy.
Jun 25 21:26:17 mac systemd[1]: snowflake.service: Consumed 12min 23.870s CPU time over 13h 45min 8.374s wall clock time, 321.9M memory peak.
-- Boot c9a6b3d1be9442bdaa314d386edaee04 --
Jun 26 06:55:12 mac systemd[1]: /etc/systemd/system/snowflake.service:10: Special user nobody configured, this is not safe!
Jun 26 06:55:21 mac systemd[1]: Started Tor Snowflake Proxy.
Jun 26 06:55:21 mac snowflake-proxy[1253]: 2026/06/26 06:55:21 Using geoip file  /usr/share/tor/geoip  with checksum e03b41645f6d60856019b0d4ba4e36575be4368d
Jun 26 06:55:21 mac snowflake-proxy[1253]: 2026/06/26 06:55:21 Loaded  382976  entries into table
Jun 26 06:55:21 mac snowflake-proxy[1253]: 2026/06/26 06:55:21 Using geoip file  /usr/share/tor/geoip6  with checksum 7a4c72a041c9b9385f016760a4b8a3f8af0bf5a8
Jun 26 06:55:21 mac snowflake-proxy[1253]: 2026/06/26 06:55:21 Loaded  299363  entries into table
Jun 26 06:55:21 mac snowflake-proxy[1253]: 2026/06/26 01:25:21 Proxy starting
Jun 26 06:55:44 mac snowflake-proxy[1253]: 2026/06/26 01:25:44 NAT type: restricted
Jun 26 07:55:21 mac snowflake-proxy[1253]: 2026/06/26 02:25:21 In the last 1h0m0s, there were 12 completed successful connections. Traffic Relayed ↓ 1844 KB (0.51 KB/s), ↑ 639 KB (0.18 KB/s).
Jun 26 08:55:21 mac snowflake-proxy[1253]: 2026/06/26 03:25:21 In the last 1h0m0s, there were 28 completed successful connections. Traffic Relayed ↓ 5857 KB (1.63 KB/s), ↑ 3193 KB (0.89 KB/s).
Jun 26 09:55:21 mac snowflake-proxy[1253]: 2026/06/26 04:25:21 In the last 1h0m0s, there were 34 completed successful connections. Traffic Relayed ↓ 7761 KB (2.16 KB/s), ↑ 2205 KB (0.61 KB/s).
Jun 26 10:55:21 mac snowflake-proxy[1253]: 2026/06/26 05:25:21 In the last 1h0m0s, there were 19 completed successful connections. Traffic Relayed ↓ 5519 KB (1.53 KB/s), ↑ 1534 KB (0.43 KB/s).
Jun 26 11:55:21 mac snowflake-proxy[1253]: 2026/06/26 06:25:21 In the last 1h0m0s, there were 34 completed successful connections. Traffic Relayed ↓ 5449 KB (1.51 KB/s), ↑ 3075 KB (0.85 KB/s).
Jun 26 12:55:21 mac snowflake-proxy[1253]: 2026/06/26 07:25:21 In the last 1h0m0s, there were 40 completed successful connections. Traffic Relayed ↓ 11649 KB (3.24 KB/s), ↑ 10704 KB (2.97 KB/s).
Jun 26 13:55:21 mac snowflake-proxy[1253]: 2026/06/26 08:25:21 In the last 1h0m0s, there were 50 completed successful connections. Traffic Relayed ↓ 44247 KB (12.29 KB/s), ↑ 6197 KB (1.72 KB/s).
Jun 26 14:55:21 mac snowflake-proxy[1253]: 2026/06/26 09:25:21 In the last 1h0m0s, there were 31 completed successful connections. Traffic Relayed ↓ 6738 KB (1.87 KB/s), ↑ 1416 KB (0.39 KB/s).
Jun 26 15:55:21 mac snowflake-proxy[1253]: 2026/06/26 10:25:21 In the last 1h0m0s, there were 32 completed successful connections. Traffic Relayed ↓ 640 KB (0.18 KB/s), ↑ 1140 KB (0.32 KB/s).
Jun 26 16:55:21 mac snowflake-proxy[1253]: 2026/06/26 11:25:21 In the last 1h0m0s, there were 33 completed successful connections. Traffic Relayed ↓ 19293 KB (5.36 KB/s), ↑ 7101 KB (1.97 KB/s).
Jun 26 17:55:21 mac snowflake-proxy[1253]: 2026/06/26 12:25:21 In the last 1h0m0s, there were 45 completed successful connections. Traffic Relayed ↓ 68617 KB (19.06 KB/s), ↑ 9706 KB (2.70 KB/s).
Jun 26 18:55:21 mac snowflake-proxy[1253]: 2026/06/26 13:25:21 In the last 1h0m0s, there were 30 completed successful connections. Traffic Relayed ↓ 14561 KB (4.04 KB/s), ↑ 3872 KB (1.08 KB/s).
Jun 26 19:55:21 mac snowflake-proxy[1253]: 2026/06/26 14:25:21 In the last 1h0m0s, there were 13 completed successful connections. Traffic Relayed ↓ 5330 KB (1.48 KB/s), ↑ 1925 KB (0.53 KB/s).
Jun 26 20:44:02 mac systemd[1]: Stopping Tor Snowflake Proxy...
Jun 26 20:44:02 mac systemd[1]: snowflake.service: Deactivated successfully.
Jun 26 20:44:02 mac systemd[1]: Stopped Tor Snowflake Proxy.
Jun 26 20:44:02 mac systemd[1]: snowflake.service: Consumed 7min 13.743s CPU time over 13h 48min 41.644s wall clock time, 272.6M memory peak.
-- Boot e66f7778346c4ae49c37068507222854 --
Jun 27 07:50:38 mac systemd[1]: /etc/systemd/system/snowflake.service:10: Special user nobody configured, this is not safe!
Jun 27 07:50:48 mac systemd[1]: Started Tor Snowflake Proxy.
Jun 27 07:50:48 mac snowflake-proxy[1263]: 2026/06/27 07:50:48 Using geoip file  /usr/share/tor/geoip  with checksum e03b41645f6d60856019b0d4ba4e36575be4368d
Jun 27 07:50:48 mac snowflake-proxy[1263]: 2026/06/27 07:50:48 Loaded  382976  entries into table
Jun 27 07:50:48 mac snowflake-proxy[1263]: 2026/06/27 07:50:48 Using geoip file  /usr/share/tor/geoip6  with checksum 7a4c72a041c9b9385f016760a4b8a3f8af0bf5a8
Jun 27 07:50:48 mac snowflake-proxy[1263]: 2026/06/27 07:50:48 Loaded  299363  entries into table
Jun 27 07:50:48 mac snowflake-proxy[1263]: 2026/06/27 02:20:48 Proxy starting
Jun 27 07:50:49 mac snowflake-proxy[1263]: 2026/06/27 02:20:49 NAT type: unknown
Jun 27 08:13:31 mac systemd[1]: Stopping Tor Snowflake Proxy...
Jun 27 08:13:31 mac systemd[1]: snowflake.service: Deactivated successfully.
Jun 27 08:13:31 mac systemd[1]: Stopped Tor Snowflake Proxy.
Jun 27 08:13:31 mac systemd[1]: snowflake.service: Consumed 4.390s CPU time over 22min 42.651s wall clock time, 220M memory peak.
-- Boot 47cc66396769446ca5dd2cb787906529 --
Jun 27 09:40:23 mac systemd[1]: /etc/systemd/system/snowflake.service:10: Special user nobody configured, this is not safe!
Jun 27 09:40:32 mac systemd[1]: Started Tor Snowflake Proxy.
Jun 27 09:40:32 mac snowflake-proxy[1302]: 2026/06/27 09:40:32 Using geoip file  /usr/share/tor/geoip  with checksum e03b41645f6d60856019b0d4ba4e36575be4368d
Jun 27 09:40:32 mac snowflake-proxy[1302]: 2026/06/27 09:40:32 Loaded  382976  entries into table
Jun 27 09:40:32 mac snowflake-proxy[1302]: 2026/06/27 09:40:32 Using geoip file  /usr/share/tor/geoip6  with checksum 7a4c72a041c9b9385f016760a4b8a3f8af0bf5a8
Jun 27 09:40:32 mac snowflake-proxy[1302]: 2026/06/27 09:40:32 Loaded  299363  entries into table
Jun 27 09:40:32 mac snowflake-proxy[1302]: 2026/06/27 04:10:32 Proxy starting
Jun 27 09:40:59 mac snowflake-proxy[1302]: 2026/06/27 04:10:59 NAT type: restricted
Jun 27 10:40:32 mac snowflake-proxy[1302]: 2026/06/27 05:10:32 In the last 1h0m0s, there were 30 completed successful connections. Traffic Relayed ↓ 18641 KB (5.18 KB/s), ↑ 5967 KB (1.66 KB/s).
Jun 27 11:40:32 mac snowflake-proxy[1302]: 2026/06/27 06:10:32 In the last 1h0m0s, there were 15 completed successful connections. Traffic Relayed ↓ 37990 KB (10.55 KB/s), ↑ 2471 KB (0.69 KB/s).
Jun 27 12:40:32 mac snowflake-proxy[1302]: 2026/06/27 07:10:32 In the last 1h0m0s, there were 0 completed successful connections. Traffic Relayed ↓ 0 KB (0.00 KB/s), ↑ 0 KB (0.00 KB/s).
Jun 27 13:40:32 mac snowflake-proxy[1302]: 2026/06/27 08:10:32 In the last 1h0m0s, there were 0 completed successful connections. Traffic Relayed ↓ 0 KB (0.00 KB/s), ↑ 0 KB (0.00 KB/s).
Jun 27 14:40:32 mac snowflake-proxy[1302]: 2026/06/27 09:10:32 In the last 1h0m0s, there were 11 completed successful connections. Traffic Relayed ↓ 3867 KB (1.07 KB/s), ↑ 836 KB (0.23 KB/s).
Jun 27 15:40:33 mac snowflake-proxy[1302]: 2026/06/27 10:10:33 In the last 1h0m0s, there were 45 completed successful connections. Traffic Relayed ↓ 16034 KB (4.45 KB/s), ↑ 6345 KB (1.76 KB/s).
Jun 27 16:40:33 mac snowflake-proxy[1302]: 2026/06/27 11:10:33 In the last 1h0m0s, there were 26 completed successful connections. Traffic Relayed ↓ 36457 KB (10.13 KB/s), ↑ 11790 KB (3.27 KB/s).
Jun 27 17:40:33 mac snowflake-proxy[1302]: 2026/06/27 12:10:33 In the last 1h0m0s, there were 28 completed successful connections. Traffic Relayed ↓ 14801 KB (4.11 KB/s), ↑ 3123 KB (0.87 KB/s).
Jun 27 18:40:34 mac snowflake-proxy[1302]: 2026/06/27 13:10:34 In the last 1h0m0s, there were 25 completed successful connections. Traffic Relayed ↓ 8504 KB (2.36 KB/s), ↑ 3244 KB (0.90 KB/s).
Jun 27 19:40:34 mac snowflake-proxy[1302]: 2026/06/27 14:10:34 In the last 1h0m0s, there were 14 completed successful connections. Traffic Relayed ↓ 4313 KB (1.20 KB/s), ↑ 1229 KB (0.34 KB/s).
Jun 27 20:02:57 mac systemd[1]: /etc/systemd/system/snowflake.service:10: Special user nobody configured, this is not safe!
Jun 27 20:30:08 mac systemd[1]: Stopping Tor Snowflake Proxy...
Jun 27 20:30:08 mac systemd[1]: snowflake.service: Deactivated successfully.
Jun 27 20:30:08 mac systemd[1]: Stopped Tor Snowflake Proxy.
Jun 27 20:30:08 mac systemd[1]: snowflake.service: Consumed 5min 15.533s CPU time over 10h 49min 34.258s wall clock time, 277.4M memory peak.
